0001_0008_0020_0062_0062.jpg 1 8 20 62 62
0002_0006_0048_0036_0036.jpg 1 6 48 36 36
0003_0031_0059_0033_0033.jpg 1 31 59 33 33
0004_0029_0063_0026_0026.jpg 1 29 63 26 26
0005_0043_0010_0049_0049.jpg 1 43 10 49 49
0006_0031_0026_0046_0046.jpg 1 31 26 46 46
0007_0062_0018_0024_0024.jpg 1 62 18 24 24
0008_0035_0020_0059_0059.jpg 1 35 20 59 59
0009_0046_0052_0029_0029.jpg 1 46 52 29 29
0010_0022_0019_0049_0049.jpg 1 22 19 49 49
0011_0018_0028_0046_0046.jpg 1 18 28 46 46
0012_0016_0039_0028_0028.jpg 1 16 39 28 28
0013_0036_0021_0044_0044.jpg 1 36 21 44 44
0014_0045_0037_0043_0043.jpg 1 45 37 43 43
0015_0025_0021_0060_0060.jpg 1 25 21 60 60
0016_0004_0026_0069_0069.jpg 1 4 26 69 69
0017_0012_0035_0037_0037.jpg 1 12 35 37 37
0018_0035_0018_0051_0051.jpg 1 35 18 51 51
0019_0004_0017_0068_0068.jpg 1 4 17 68 68
0020_0006_0015_0057_0057.jpg 1 6 15 57 57
0021_0011_0020_0056_0056.jpg 1 11 20 56 56
0022_0032_0028_0060_0060.jpg 1 32 28 60 60
0023_0015_0033_0038_0038.jpg 1 15 33 38 38
0024_0059_0025_0024_0024.jpg 1 59 25 24 24
0025_0017_0028_0034_0034.jpg 1 17 28 34 34
0026_0006_0021_0055_0055.jpg 1 6 21 55 55
0027_0041_0043_0033_0033.jpg 1 41 43 33 33
0028_0035_0017_0060_0060.jpg 1 35 17 60 60
0029_0056_0022_0026_0026.jpg 1 56 22 26 26
0030_0016_0024_0061_0061.jpg 1 16 24 61 61
0031_0027_0066_0026_0026.jpg 1 27 66 26 26
0032_0024_0009_0064_0064.jpg 1 24 9 64 64
0033_0035_0017_0038_0038.jpg 1 35 17 38 38
0034_0035_0035_0057_0057.jpg 1 35 35 57 57
0035_0023_0011_0069_0069.jpg 1 23 11 69 69
0036_0014_0049_0040_0040.jpg 1 14 49 40 40
0037_0004_0021_0053_0053.jpg 1 4 21 53 53
0038_0015_0014_0068_0068.jpg 1 15 14 68 68
0039_0022_0038_0029_0029.jpg 1 22 38 29 29
0040_0063_0014_0026_0026.jpg 1 63 14 26 26
0041_0019_0008_0049_0049.jpg 1 19 8 49 49
0042_0029_0053_0035_0035.jpg 1 29 53 35 35
0043_0021_0010_0064_0064.jpg 1 21 10 64 64
0044_0008_0029_0049_0049.jpg 1 8 29 49 49
0045_0025_0027_0030_0030.jpg 1 25 27 30 30
0046_0045_0046_0033_0033.jpg 1 45 46 33 33
0047_0041_0022_0049_0049.jpg 1 41 22 49 49
0048_0025_0009_0058_0058.jpg 1 25 9 58 58
0049_0036_0035_0055_0055.jpg 1 36 35 55 55
0050_0011_0013_0049_0049.jpg 1 11 13 49 49
0051_0028_0026_0029_0029.jpg 1 28 26 29 29
0052_0011_0014_0069_0069.jpg 1 11 14 69 69
0053_0028_0019_0066_0066.jpg 1 28 19 66 66
0054_0014_0032_0055_0055.jpg 1 14 32 55 55
0055_0014_0034_0036_0036.jpg 1 14 34 36 36
0056_0035_0008_0024_0024.jpg 1 35 8 24 24
0057_0015_0045_0024_0024.jpg 1 15 45 24 24
0058_0030_0007_0061_0061.jpg 1 30 7 61 61
0059_0009_0057_0031_0031.jpg 1 9 57 31 31
0060_0008_0023_0042_0042.jpg 1 8 23 42 42
0061_0030_0032_0051_0051.jpg 1 30 32 51 51
0062_0018_0016_0035_0035.jpg 1 18 16 35 35
0063_0009_0040_0033_0033.jpg 1 9 40 33 33
0064_0020_0041_0054_0054.jpg 1 20 41 54 54
0065_0033_0052_0037_0037.jpg 1 33 52 37 37
0066_0014_0022_0056_0056.jpg 1 14 22 56 56
0067_0016_0028_0050_0050.jpg 1 16 28 50 50
0068_0057_0019_0025_0025.jpg 1 57 19 25 25
0069_0027_0018_0064_0064.jpg 1 27 18 64 64
0070_0032_0017_0042_0042.jpg 1 32 17 42 42
0071_0041_0049_0044_0044.jpg 1 41 49 44 44
0072_0018_0032_0058_0058.jpg 1 18 32 58 58
0073_0020_0009_0035_0035.jpg 1 20 9 35 35
0074_0015_0009_0067_0067.jpg 1 15 9 67 67
0075_0013_0021_0064_0064.jpg 1 13 21 64 64
0076_0012_0006_0056_0056.jpg 1 12 6 56 56
0077_0023_0028_0033_0033.jpg 1 23 28 33 33
0078_0014_0067_0025_0025.jpg 1 14 67 25 25
0079_0021_0029_0059_0059.jpg 1 21 29 59 59
0080_0019_0034_0052_0052.jpg 1 19 34 52 52
0081_0017_0014_0063_0063.jpg 1 17 14 63 63
0082_0042_0021_0027_0027.jpg 1 42 21 27 27
0083_0018_0015_0041_0041.jpg 1 18 15 41 41
0084_0006_0034_0055_0055.jpg 1 6 34 55 55
0085_0004_0017_0065_0065.jpg 1 4 17 65 65
0086_0036_0037_0058_0058.jpg 1 36 37 58 58
0087_0036_0018_0051_0051.jpg 1 36 18 51 51
0088_0061_0010_0026_0026.jpg 1 61 10 26 26
0089_0020_0028_0068_0068.jpg 1 20 28 68 68
0090_0034_0061_0030_0030.jpg 1 34 61 30 30
0091_0004_0009_0054_0054.jpg 1 4 9 54 54
0092_0057_0026_0032_0032.jpg 1 57 26 32 32
0093_0017_0028_0063_0063.jpg 1 17 28 63 63
0094_0029_0034_0061_0061.jpg 1 29 34 61 61
0095_0027_0036_0054_0054.jpg 1 27 36 54 54
0096_0023_0028_0055_0055.jpg 1 23 28 55 55
0097_0010_0032_0058_0058.jpg 1 10 32 58 58
0098_0025_0016_0064_0064.jpg 1 25 16 64 64
0099_0005_0016_0063_0063.jpg 1 5 16 63 63
0100_0041_0034_0039_0039.jpg 1 41 34 39 39
0101_0036_0040_0043_0043.jpg 1 36 40 43 43
0102_0033_0009_0053_0053.jpg 1 33 9 53 53
0103_0014_0011_0055_0055.jpg 1 14 11 55 55
0104_0041_0017_0049_0049.jpg 1 41 17 49 49
0105_0010_0014_0057_0057.jpg 1 10 14 57 57
0106_0020_0030_0052_0052.jpg 1 20 30 52 52
0107_0026_0027_0062_0062.jpg 1 26 27 62 62
0108_0018_0014_0030_0030.jpg 1 18 14 30 30
0109_0032_0010_0063_0063.jpg 1 32 10 63 63
0110_0035_0034_0041_0041.jpg 1 35 34 41 41
0111_0013_0013_0037_0037.jpg 1 13 13 37 37
0112_0006_0046_0039_0039.jpg 1 6 46 39 39
0113_0005_0029_0060_0060.jpg 1 5 29 60 60
0114_0006_0034_0057_0057.jpg 1 6 34 57 57
0115_0042_0055_0025_0025.jpg 1 42 55 25 25
0116_0009_0027_0048_0048.jpg 1 9 27 48 48
0117_0008_0018_0058_0058.jpg 1 8 18 58 58
0118_0009_0008_0026_0026.jpg 1 9 8 26 26
0119_0024_0013_0054_0054.jpg 1 24 13 54 54
0120_0015_0036_0051_0051.jpg 1 15 36 51 51
0121_0010_0018_0038_0038.jpg 1 10 18 38 38
0122_0028_0040_0047_0047.jpg 1 28 40 47 47
0123_0017_0012_0048_0048.jpg 1 17 12 48 48
0124_0040_0025_0032_0032.jpg 1 40 25 32 32
0125_0026_0029_0062_0062.jpg 1 26 29 62 62
0126_0021_0021_0064_0064.jpg 1 21 21 64 64
0127_0047_0046_0039_0039.jpg 1 47 46 39 39
0128_0046_0037_0033_0033.jpg 1 46 37 33 33
0129_0053_0011_0024_0024.jpg 1 53 11 24 24
0130_0006_0004_0068_0068.jpg 1 6 4 68 68
0131_0008_0027_0062_0062.jpg 1 8 27 62 62
0132_0033_0018_0044_0044.jpg 1 33 18 44 44
0133_0028_0023_0026_0026.jpg 1 28 23 26 26
0134_0009_0012_0033_0033.jpg 1 9 12 33 33
0135_0042_0028_0047_0047.jpg 1 42 28 47 47
0136_0042_0027_0036_0036.jpg 1 42 27 36 36
0137_0024_0027_0030_0030.jpg 1 24 27 30 30
0138_0006_0012_0050_0050.jpg 1 6 12 50 50
0139_0053_0007_0040_0040.jpg 1 53 7 40 40
0140_0011_0009_0066_0066.jpg 1 11 9 66 66
0141_0005_0044_0050_0050.jpg 1 5 44 50 50
0142_0020_0019_0049_0049.jpg 1 20 19 49 49
0143_0004_0027_0060_0060.jpg 1 4 27 60 60
0144_0013_0023_0044_0044.jpg 1 13 23 44 44
0145_0037_0059_0030_0030.jpg 1 37 59 30 30
0146_0028_0018_0064_0064.jpg 1 28 18 64 64
0147_0026_0008_0068_0068.jpg 1 26 8 68 68
0148_0023_0007_0040_0040.jpg 1 23 7 40 40
0149_0014_0029_0060_0060.jpg 1 14 29 60 60
0150_0012_0022_0060_0060.jpg 1 12 22 60 60
0151_0023_0023_0028_0028.jpg 1 23 23 28 28
0152_0060_0017_0026_0026.jpg 1 60 17 26 26
0153_0022_0008_0052_0052.jpg 1 22 8 52 52
0154_0029_0030_0061_0061.jpg 1 29 30 61 61
0155_0028_0005_0054_0054.jpg 1 28 5 54 54
0156_0032_0030_0060_0060.jpg 1 32 30 60 60
0157_0022_0032_0029_0029.jpg 1 22 32 29 29
0158_0013_0010_0046_0046.jpg 1 13 10 46 46
0159_0020_0023_0052_0052.jpg 1 20 23 52 52
0160_0027_0025_0047_0047.jpg 1 27 25 47 47
0161_0017_0011_0059_0059.jpg 1 17 11 59 59
0162_0033_0058_0028_0028.jpg 1 33 58 28 28
0163_0026_0017_0049_0049.jpg 1 26 17 49 49
0164_0046_0050_0040_0040.jpg 1 46 50 40 40
0165_0013_0016_0053_0053.jpg 1 13 16 53 53
0166_0007_0041_0041_0041.jpg 1 7 41 41 41
0167_0009_0014_0046_0046.jpg 1 9 14 46 46
0168_0011_0064_0027_0027.jpg 1 11 64 27 27
0169_0049_0011_0034_0034.jpg 1 49 11 34 34
0170_0036_0021_0043_0043.jpg 1 36 21 43 43
0171_0041_0031_0041_0041.jpg 1 41 31 41 41
0172_0036_0017_0029_0029.jpg 1 36 17 29 29
0173_0036_0056_0030_0030.jpg 1 36 56 30 30
0174_0035_0036_0052_0052.jpg 1 35 36 52 52
0175_0055_0033_0031_0031.jpg 1 55 33 31 31
0176_0012_0009_0051_0051.jpg 1 12 9 51 51
0177_0024_0009_0026_0026.jpg 1 24 9 26 26
0178_0029_0023_0061_0061.jpg 1 29 23 61 61
0179_0026_0041_0048_0048.jpg 1 26 41 48 48
0180_0008_0005_0058_0058.jpg 1 8 5 58 58
0181_0030_0017_0042_0042.jpg 1 30 17 42 42
0182_0009_0027_0045_0045.jpg 1 9 27 45 45
0183_0049_0013_0027_0027.jpg 1 49 13 27 27
0184_0015_0008_0068_0068.jpg 1 15 8 68 68
0185_0019_0025_0045_0045.jpg 1 19 25 45 45
0186_0022_0030_0039_0039.jpg 1 22 30 39 39
0187_0010_0005_0063_0063.jpg 1 10 5 63 63
0188_0012_0035_0060_0060.jpg 1 12 35 60 60
0189_0005_0033_0052_0052.jpg 1 5 33 52 52
0190_0025_0022_0063_0063.jpg 1 25 22 63 63
0191_0036_0032_0027_0027.jpg 1 36 32 27 27
0192_0031_0028_0047_0047.jpg 1 31 28 47 47
0193_0016_0039_0033_0033.jpg 1 16 39 33 33
0194_0045_0059_0034_0034.jpg 1 45 59 34 34
0195_0030_0023_0056_0056.jpg 1 30 23 56 56
0196_0043_0011_0045_0045.jpg 1 43 11 45 45
0197_0010_0041_0032_0032.jpg 1 10 41 32 32
0198_0013_0005_0056_0056.jpg 1 13 5 56 56
0199_0024_0026_0065_0065.jpg 1 24 26 65 65
0200_0007_0021_0060_0060.jpg 1 7 21 60 60
0201_0054_0031_0032_0032.jpg 1 54 31 32 32
0202_0022_0013_0065_0065.jpg 1 22 13 65 65
0203_0022_0045_0043_0043.jpg 1 22 45 43 43
0204_0032_0035_0042_0042.jpg 1 32 35 42 42
0205_0048_0011_0038_0038.jpg 1 48 11 38 38
0206_0005_0015_0049_0049.jpg 1 5 15 49 49
0207_0031_0014_0064_0064.jpg 1 31 14 64 64
0208_0024_0013_0062_0062.jpg 1 24 13 62 62
0209_0030_0034_0039_0039.jpg 1 30 34 39 39
0210_0005_0032_0062_0062.jpg 1 5 32 62 62
0211_0057_0058_0031_0031.jpg 1 57 58 31 31
0212_0020_0019_0069_0069.jpg 1 20 19 69 69
0213_0051_0011_0034_0034.jpg 1 51 11 34 34
0214_0027_0021_0067_0067.jpg 1 27 21 67 67
0215_0012_0040_0030_0030.jpg 1 12 40 30 30
0216_0015_0046_0047_0047.jpg 1 15 46 47 47
0217_0005_0011_0043_0043.jpg 1 5 11 43 43
0218_0030_0032_0060_0060.jpg 1 30 32 60 60
0219_0007_0009_0045_0045.jpg 1 7 9 45 45
0220_0043_0016_0046_0046.jpg 1 43 16 46 46
0221_0020_0019_0041_0041.jpg 1 20 19 41 41
0222_0005_0013_0067_0067.jpg 1 5 13 67 67
0223_0033_0014_0060_0060.jpg 1 33 14 60 60
0224_0047_0029_0042_0042.jpg 1 47 29 42 42
0225_0028_0034_0031_0031.jpg 1 28 34 31 31
0226_0036_0010_0025_0025.jpg 1 36 10 25 25
0227_0022_0006_0062_0062.jpg 1 22 6 62 62
0228_0021_0026_0064_0064.jpg 1 21 26 64 64
0229_0011_0039_0051_0051.jpg 1 11 39 51 51
0230_0027_0010_0060_0060.jpg 1 27 10 60 60
0231_0062_0056_0030_0030.jpg 1 62 56 30 30
0232_0045_0045_0041_0041.jpg 1 45 45 41 41
0233_0009_0012_0065_0065.jpg 1 9 12 65 65
0234_0047_0047_0039_0039.jpg 1 47 47 39 39
0235_0043_0043_0044_0044.jpg 1 43 43 44 44
0236_0009_0026_0060_0060.jpg 1 9 26 60 60
0237_0011_0030_0031_0031.jpg 1 11 30 31 31
0238_0014_0018_0060_0060.jpg 1 14 18 60 60
0239_0017_0036_0051_0051.jpg 1 17 36 51 51
0240_0042_0012_0024_0024.jpg 1 42 12 24 24
0241_0043_0018_0051_0051.jpg 1 43 18 51 51
0242_0048_0050_0033_0033.jpg 1 48 50 33 33
0243_0031_0018_0061_0061.jpg 1 31 18 61 61
0244_0053_0048_0035_0035.jpg 1 53 48 35 35
0245_0050_0018_0039_0039.jpg 1 50 18 39 39
0246_0010_0011_0044_0044.jpg 1 10 11 44 44
0247_0061_0033_0025_0025.jpg 1 61 33 25 25
0248_0017_0017_0065_0065.jpg 1 17 17 65 65
0249_0028_0046_0047_0047.jpg 1 28 46 47 47
0250_0050_0014_0042_0042.jpg 1 50 14 42 42
0251_0017_0054_0031_0031.jpg 1 17 54 31 31
0252_0043_0022_0032_0032.jpg 1 43 22 32 32
0253_0047_0025_0029_0029.jpg 1 47 25 29 29
0254_0038_0033_0057_0057.jpg 1 38 33 57 57
0255_0012_0031_0054_0054.jpg 1 12 31 54 54
0256_0005_0003_0065_0065.jpg 1 5 3 65 65
0257_0026_0060_0027_0027.jpg 1 26 60 27 27
0258_0055_0058_0026_0026.jpg 1 55 58 26 26
0259_0009_0017_0054_0054.jpg 1 9 17 54 54
0260_0017_0014_0052_0052.jpg 1 17 14 52 52
0261_0053_0030_0033_0033.jpg 1 53 30 33 33
0262_0027_0027_0066_0066.jpg 1 27 27 66 66
0263_0037_0037_0038_0038.jpg 1 37 37 38 38
0264_0027_0034_0054_0054.jpg 1 27 34 54 54
0265_0028_0006_0056_0056.jpg 1 28 6 56 56
0266_0041_0052_0039_0039.jpg 1 41 52 39 39
0267_0037_0027_0057_0057.jpg 1 37 27 57 57
0268_0010_0012_0058_0058.jpg 1 10 12 58 58
0269_0007_0030_0056_0056.jpg 1 7 30 56 56
0270_0050_0018_0025_0025.jpg 1 50 18 25 25
0271_0010_0040_0048_0048.jpg 1 10 40 48 48
0272_0040_0034_0042_0042.jpg 1 40 34 42 42
0273_0008_0027_0055_0055.jpg 1 8 27 55 55
0274_0023_0009_0061_0061.jpg 1 23 9 61 61
0275_0022_0006_0067_0067.jpg 1 22 6 67 67
0276_0028_0044_0047_0047.jpg 1 28 44 47 47
0277_0023_0052_0039_0039.jpg 1 23 52 39 39
0278_0033_0018_0058_0058.jpg 1 33 18 58 58
0279_0031_0028_0050_0050.jpg 1 31 28 50 50
0280_0019_0007_0067_0067.jpg 1 19 7 67 67
0281_0007_0026_0069_0069.jpg 1 7 26 69 69
0282_0022_0027_0056_0056.jpg 1 22 27 56 56
0283_0016_0034_0053_0053.jpg 1 16 34 53 53
0284_0029_0010_0055_0055.jpg 1 29 10 55 55
0285_0051_0033_0038_0038.jpg 1 51 33 38 38
0286_0059_0052_0029_0029.jpg 1 59 52 29 29
0287_0060_0051_0032_0032.jpg 1 60 51 32 32
0288_0047_0045_0037_0037.jpg 1 47 45 37 37
0289_0047_0053_0025_0025.jpg 1 47 53 25 25
0290_0046_0056_0034_0034.jpg 1 46 56 34 34
0291_0015_0055_0035_0035.jpg 1 15 55 35 35
0292_0006_0036_0049_0049.jpg 1 6 36 49 49
0293_0038_0012_0026_0026.jpg 1 38 12 26 26
0294_0032_0023_0054_0054.jpg 1 32 23 54 54
0295_0024_0013_0061_0061.jpg 1 24 13 61 61
0296_0012_0029_0059_0059.jpg 1 12 29 59 59
0297_0018_0034_0042_0042.jpg 1 18 34 42 42
0298_0027_0010_0066_0066.jpg 1 27 10 66 66
0299_0020_0025_0055_0055.jpg 1 20 25 55 55
0300_0042_0035_0029_0029.jpg 1 42 35 29 29
0301_0037_0011_0044_0044.jpg 1 37 11 44 44
0302_0020_0029_0065_0065.jpg 1 20 29 65 65
0303_0016_0013_0051_0051.jpg 1 16 13 51 51
0304_0019_0007_0049_0049.jpg 1 19 7 49 49
0305_0015_0017_0032_0032.jpg 1 15 17 32 32
0306_0009_0029_0033_0033.jpg 1 9 29 33 33
0307_0028_0015_0052_0052.jpg 1 28 15 52 52
0308_0010_0009_0043_0043.jpg 1 10 9 43 43
0309_0027_0018_0056_0056.jpg 1 27 18 56 56
0310_0019_0007_0052_0052.jpg 1 19 7 52 52
0311_0039_0033_0044_0044.jpg 1 39 33 44 44
0312_0014_0044_0032_0032.jpg 1 14 44 32 32
0313_0041_0045_0035_0035.jpg 1 41 45 35 35
0314_0007_0056_0026_0026.jpg 1 7 56 26 26
0315_0017_0010_0064_0064.jpg 1 17 10 64 64
0316_0031_0010_0049_0049.jpg 1 31 10 49 49
0317_0025_0015_0067_0067.jpg 1 25 15 67 67
0318_0037_0008_0049_0049.jpg 1 37 8 49 49
0319_0012_0015_0046_0046.jpg 1 12 15 46 46
0320_0024_0013_0043_0043.jpg 1 24 13 43 43
0321_0043_0044_0047_0047.jpg 1 43 44 47 47
0322_0041_0022_0047_0047.jpg 1 41 22 47 47
0323_0012_0041_0029_0029.jpg 1 12 41 29 29
0324_0041_0007_0045_0045.jpg 1 41 7 45 45
0325_0044_0012_0035_0035.jpg 1 44 12 35 35
0326_0038_0011_0038_0038.jpg 1 38 11 38 38
0327_0042_0044_0031_0031.jpg 1 42 44 31 31
0328_0034_0033_0028_0028.jpg 1 34 33 28 28
0329_0008_0013_0069_0069.jpg 1 8 13 69 69
0330_0050_0017_0033_0033.jpg 1 50 17 33 33
0331_0011_0004_0068_0068.jpg 1 11 4 68 68
0332_0022_0037_0048_0048.jpg 1 22 37 48 48
0333_0017_0025_0063_0063.jpg 1 17 25 63 63
0334_0010_0030_0045_0045.jpg 1 10 30 45 45
0335_0028_0025_0048_0048.jpg 1 28 25 48 48
0336_0023_0015_0049_0049.jpg 1 23 15 49 49
0337_0048_0040_0046_0046.jpg 1 48 40 46 46
0338_0025_0009_0047_0047.jpg 1 25 9 47 47
0339_0036_0038_0053_0053.jpg 1 36 38 53 53
0340_0014_0005_0063_0063.jpg 1 14 5 63 63
0341_0013_0033_0046_0046.jpg 1 13 33 46 46
0342_0029_0041_0039_0039.jpg 1 29 41 39 39
0343_0015_0016_0069_0069.jpg 1 15 16 69 69
0344_0044_0026_0046_0046.jpg 1 44 26 46 46
0345_0016_0048_0031_0031.jpg 1 16 48 31 31
0346_0028_0018_0056_0056.jpg 1 28 18 56 56
0347_0015_0022_0069_0069.jpg 1 15 22 69 69
0348_0045_0033_0046_0046.jpg 1 45 33 46 46
0349_0013_0022_0058_0058.jpg 1 13 22 58 58
0350_0042_0016_0049_0049.jpg 1 42 16 49 49
0351_0032_0025_0053_0053.jpg 1 32 25 53 53
0352_0052_0030_0040_0040.jpg 1 52 30 40 40
0353_0014_0023_0062_0062.jpg 1 14 23 62 62
0354_0026_0030_0055_0055.jpg 1 26 30 55 55
0355_0030_0038_0055_0055.jpg 1 30 38 55 55
0356_0015_0015_0069_0069.jpg 1 15 15 69 69
0357_0017_0045_0037_0037.jpg 1 17 45 37 37
0358_0051_0016_0043_0043.jpg 1 51 16 43 43
0359_0012_0030_0040_0040.jpg 1 12 30 40 40
0360_0044_0045_0038_0038.jpg 1 44 45 38 38
0361_0019_0015_0068_0068.jpg 1 19 15 68 68
0362_0006_0012_0037_0037.jpg 1 6 12 37 37
0363_0028_0038_0051_0051.jpg 1 28 38 51 51
0364_0028_0005_0067_0067.jpg 1 28 5 67 67
0365_0015_0050_0040_0040.jpg 1 15 50 40 40
0366_0027_0052_0028_0028.jpg 1 27 52 28 28
0367_0006_0022_0059_0059.jpg 1 6 22 59 59
0368_0003_0011_0068_0068.jpg 1 3 11 68 68
0369_0051_0031_0040_0040.jpg 1 51 31 40 40
0370_0042_0028_0028_0028.jpg 1 42 28 28 28
0371_0026_0024_0065_0065.jpg 1 26 24 65 65
0372_0007_0016_0038_0038.jpg 1 7 16 38 38
0373_0023_0023_0043_0043.jpg 1 23 23 43 43
0374_0018_0017_0067_0067.jpg 1 18 17 67 67
0375_0055_0026_0026_0026.jpg 1 55 26 26 26
0376_0038_0063_0027_0027.jpg 1 38 63 27 27
0377_0047_0022_0037_0037.jpg 1 47 22 37 37
0378_0034_0033_0029_0029.jpg 1 34 33 29 29
0379_0027_0023_0063_0063.jpg 1 27 23 63 63
0380_0033_0022_0038_0038.jpg 1 33 22 38 38
0381_0018_0019_0051_0051.jpg 1 18 19 51 51
0382_0021_0024_0039_0039.jpg 1 21 24 39 39
0383_0045_0017_0034_0034.jpg 1 45 17 34 34
0384_0010_0026_0045_0045.jpg 1 10 26 45 45
0385_0008_0059_0034_0034.jpg 1 8 59 34 34
0386_0031_0021_0038_0038.jpg 1 31 21 38 38
0387_0006_0016_0049_0049.jpg 1 6 16 49 49
0388_0007_0018_0067_0067.jpg 1 7 18 67 67
0389_0038_0054_0027_0027.jpg 1 38 54 27 27
0390_0020_0023_0061_0061.jpg 1 20 23 61 61
0391_0034_0043_0045_0045.jpg 1 34 43 45 45
0392_0015_0016_0062_0062.jpg 1 15 16 62 62
0393_0027_0043_0028_0028.jpg 1 27 43 28 28
0394_0038_0026_0042_0042.jpg 1 38 26 42 42
0395_0056_0010_0033_0033.jpg 1 56 10 33 33
0396_0005_0039_0052_0052.jpg 1 5 39 52 52
0397_0026_0046_0028_0028.jpg 1 26 46 28 28
0398_0041_0007_0044_0044.jpg 1 41 7 44 44
0399_0057_0022_0033_0033.jpg 1 57 22 33 33
0400_0007_0033_0058_0058.jpg 1 7 33 58 58
0401_0026_0030_0048_0048.jpg 1 26 30 48 48
0402_0056_0038_0030_0030.jpg 1 56 38 30 30
0403_0011_0041_0044_0044.jpg 1 11 41 44 44
0404_0008_0014_0058_0058.jpg 1 8 14 58 58
0405_0044_0044_0037_0037.jpg 1 44 44 37 37
0406_0016_0009_0067_0067.jpg 1 16 9 67 67
0407_0017_0054_0032_0032.jpg 1 17 54 32 32
0408_0041_0032_0035_0035.jpg 1 41 32 35 35
0409_0042_0060_0025_0025.jpg 1 42 60 25 25
0410_0048_0012_0045_0045.jpg 1 48 12 45 45
0411_0030_0033_0059_0059.jpg 1 30 33 59 59
0412_0042_0048_0032_0032.jpg 1 42 48 32 32
0413_0039_0017_0053_0053.jpg 1 39 17 53 53
0414_0024_0020_0067_0067.jpg 1 24 20 67 67
0415_0012_0014_0060_0060.jpg 1 12 14 60 60
0416_0024_0017_0047_0047.jpg 1 24 17 47 47
0417_0054_0047_0029_0029.jpg 1 54 47 29 29
0418_0029_0027_0063_0063.jpg 1 29 27 63 63
0419_0010_0023_0035_0035.jpg 1 10 23 35 35
0420_0011_0061_0031_0031.jpg 1 11 61 31 31
0421_0006_0030_0058_0058.jpg 1 6 30 58 58
0422_0004_0018_0063_0063.jpg 1 4 18 63 63
0423_0031_0013_0044_0044.jpg 1 31 13 44 44
0424_0029_0041_0048_0048.jpg 1 29 41 48 48
0425_0012_0027_0030_0030.jpg 1 12 27 30 30
0426_0005_0008_0051_0051.jpg 1 5 8 51 51
0427_0017_0031_0055_0055.jpg 1 17 31 55 55
0428_0025_0029_0049_0049.jpg 1 25 29 49 49
0429_0034_0042_0039_0039.jpg 1 34 42 39 39
0430_0030_0030_0063_0063.jpg 1 30 30 63 63
0431_0015_0028_0057_0057.jpg 1 15 28 57 57
0432_0017_0031_0054_0054.jpg 1 17 31 54 54
0433_0052_0009_0028_0028.jpg 1 52 9 28 28
0434_0018_0009_0039_0039.jpg 1 18 9 39 39
0435_0012_0047_0029_0029.jpg 1 12 47 29 29
0436_0011_0036_0035_0035.jpg 1 11 36 35 35
0437_0005_0030_0060_0060.jpg 1 5 30 60 60
0438_0039_0027_0053_0053.jpg 1 39 27 53 53
0439_0006_0052_0032_0032.jpg 1 6 52 32 32
0440_0058_0058_0030_0030.jpg 1 58 58 30 30
0441_0020_0050_0025_0025.jpg 1 20 50 25 25
0442_0040_0053_0035_0035.jpg 1 40 53 35 35
0443_0022_0010_0065_0065.jpg 1 22 10 65 65
0444_0025_0035_0028_0028.jpg 1 25 35 28 28
0445_0027_0009_0062_0062.jpg 1 27 9 62 62
0446_0056_0037_0035_0035.jpg 1 56 37 35 35
0447_0034_0015_0059_0059.jpg 1 34 15 59 59
0448_0030_0045_0042_0042.jpg 1 30 45 42 42
0449_0031_0033_0038_0038.jpg 1 31 33 38 38
0450_0024_0033_0057_0057.jpg 1 24 33 57 57
0451_0058_0049_0025_0025.jpg 1 58 49 25 25
0452_0038_0038_0056_0056.jpg 1 38 38 56 56
0453_0044_0006_0048_0048.jpg 1 44 6 48 48
0454_0023_0026_0069_0069.jpg 1 23 26 69 69
0455_0029_0024_0032_0032.jpg 1 29 24 32 32
0456_0030_0011_0039_0039.jpg 1 30 11 39 39
0457_0030_0011_0024_0024.jpg 1 30 11 24 24
0458_0016_0031_0050_0050.jpg 1 16 31 50 50
0459_0017_0038_0053_0053.jpg 1 17 38 53 53
0460_0010_0022_0027_0027.jpg 1 10 22 27 27
0461_0015_0011_0041_0041.jpg 1 15 11 41 41
0462_0032_0009_0047_0047.jpg 1 32 9 47 47
0463_0040_0037_0052_0052.jpg 1 40 37 52 52
0464_0033_0006_0051_0051.jpg 1 33 6 51 51
0465_0007_0024_0055_0055.jpg 1 7 24 55 55
0466_0015_0023_0056_0056.jpg 1 15 23 56 56
0467_0037_0029_0053_0053.jpg 1 37 29 53 53
0468_0034_0012_0045_0045.jpg 1 34 12 45 45
0469_0030_0033_0042_0042.jpg 1 30 33 42 42
0470_0038_0036_0033_0033.jpg 1 38 36 33 33
0471_0056_0017_0036_0036.jpg 1 56 17 36 36
0472_0043_0047_0038_0038.jpg 1 43 47 38 38
0473_0030_0032_0024_0024.jpg 1 30 32 24 24
0474_0024_0018_0038_0038.jpg 1 24 18 38 38
0475_0019_0010_0051_0051.jpg 1 19 10 51 51
0476_0062_0037_0025_0025.jpg 1 62 37 25 25
0477_0020_0047_0031_0031.jpg 1 20 47 31 31
0478_0049_0046_0037_0037.jpg 1 49 46 37 37
0479_0030_0047_0037_0037.jpg 1 30 47 37 37
0480_0007_0020_0045_0045.jpg 1 7 20 45 45
0481_0045_0033_0042_0042.jpg 1 45 33 42 42
0482_0020_0024_0067_0067.jpg 1 20 24 67 67
0483_0029_0043_0030_0030.jpg 1 29 43 30 30
0484_0031_0008_0058_0058.jpg 1 31 8 58 58
0485_0027_0038_0048_0048.jpg 1 27 38 48 48
0486_0033_0022_0045_0045.jpg 1 33 22 45 45
0487_0038_0026_0056_0056.jpg 1 38 26 56 56
0488_0007_0013_0040_0040.jpg 1 7 13 40 40
0489_0050_0053_0033_0033.jpg 1 50 53 33 33
0490_0010_0024_0067_0067.jpg 1 10 24 67 67
0491_0022_0020_0055_0055.jpg 1 22 20 55 55
0492_0006_0031_0045_0045.jpg 1 6 31 45 45
0493_0026_0031_0039_0039.jpg 1 26 31 39 39
0494_0010_0027_0067_0067.jpg 1 10 27 67 67
0495_0006_0033_0042_0042.jpg 1 6 33 42 42
0496_0025_0042_0034_0034.jpg 1 25 42 34 34
0497_0034_0007_0052_0052.jpg 1 34 7 52 52
0498_0032_0034_0058_0058.jpg 1 32 34 58 58
0499_0007_0031_0062_0062.jpg 1 7 31 62 62
0500_0042_0034_0045_0045.jpg 1 42 34 45 45
0501_0012_0019_0059_0059.jpg 1 12 19 59 59
0502_0045_0048_0041_0041.jpg 1 45 48 41 41
0503_0055_0045_0032_0032.jpg 1 55 45 32 32
0504_0007_0029_0031_0031.jpg 1 7 29 31 31
0505_0033_0004_0059_0059.jpg 1 33 4 59 59
0506_0020_0008_0067_0067.jpg 1 20 8 67 67
0507_0022_0048_0025_0025.jpg 1 22 48 25 25
0508_0015_0008_0056_0056.jpg 1 15 8 56 56
0509_0007_0035_0056_0056.jpg 1 7 35 56 56
0510_0020_0046_0034_0034.jpg 1 20 46 34 34
0511_0027_0009_0056_0056.jpg 1 27 9 56 56
0512_0013_0035_0048_0048.jpg 1 13 35 48 48
0513_0018_0018_0028_0028.jpg 1 18 18 28 28
0514_0029_0038_0057_0057.jpg 1 29 38 57 57
0515_0026_0043_0034_0034.jpg 1 26 43 34 34
0516_0009_0013_0063_0063.jpg 1 9 13 63 63
0517_0016_0037_0057_0057.jpg 1 16 37 57 57
0518_0041_0018_0050_0050.jpg 1 41 18 50 50
0519_0030_0036_0055_0055.jpg 1 30 36 55 55
0520_0057_0032_0027_0027.jpg 1 57 32 27 27
0521_0026_0007_0059_0059.jpg 1 26 7 59 59
0522_0020_0030_0049_0049.jpg 1 20 30 49 49
0523_0019_0024_0029_0029.jpg 1 19 24 29 29
0524_0028_0022_0067_0067.jpg 1 28 22 67 67
0525_0007_0025_0065_0065.jpg 1 7 25 65 65
0526_0026_0031_0049_0049.jpg 1 26 31 49 49
0527_0018_0017_0062_0062.jpg 1 18 17 62 62
0528_0010_0047_0037_0037.jpg 1 10 47 37 37
0529_0011_0042_0047_0047.jpg 1 11 42 47 47
0530_0045_0030_0034_0034.jpg 1 45 30 34 34
0531_0055_0013_0035_0035.jpg 1 55 13 35 35
0532_0024_0013_0044_0044.jpg 1 24 13 44 44
0533_0049_0037_0041_0041.jpg 1 49 37 41 41
0534_0038_0050_0036_0036.jpg 1 38 50 36 36
0535_0021_0030_0030_0030.jpg 1 21 30 30 30
0536_0021_0009_0030_0030.jpg 1 21 9 30 30
0537_0004_0004_0059_0059.jpg 1 4 4 59 59
0538_0054_0007_0038_0038.jpg 1 54 7 38 38
0539_0013_0041_0053_0053.jpg 1 13 41 53 53
0540_0011_0028_0068_0068.jpg 1 11 28 68 68
0541_0019_0019_0068_0068.jpg 1 19 19 68 68
0542_0029_0033_0056_0056.jpg 1 29 33 56 56
0543_0021_0027_0064_0064.jpg 1 21 27 64 64
0544_0004_0010_0067_0067.jpg 1 4 10 67 67
0545_0011_0017_0064_0064.jpg 1 11 17 64 64
0546_0057_0056_0032_0032.jpg 1 57 56 32 32
0547_0036_0013_0039_0039.jpg 1 36 13 39 39
0548_0038_0031_0048_0048.jpg 1 38 31 48 48
0549_0019_0034_0057_0057.jpg 1 19 34 57 57
0550_0006_0034_0056_0056.jpg 1 6 34 56 56
0551_0029_0010_0052_0052.jpg 1 29 10 52 52
0552_0046_0052_0026_0026.jpg 1 46 52 26 26
0553_0038_0007_0056_0056.jpg 1 38 7 56 56
0554_0024_0059_0028_0028.jpg 1 24 59 28 28
0555_0007_0019_0052_0052.jpg 1 7 19 52 52
0556_0034_0022_0031_0031.jpg 1 34 22 31 31
0557_0045_0014_0030_0030.jpg 1 45 14 30 30
0558_0005_0017_0068_0068.jpg 1 5 17 68 68
0559_0006_0036_0049_0049.jpg 1 6 36 49 49
0560_0037_0054_0030_0030.jpg 1 37 54 30 30
0561_0028_0014_0034_0034.jpg 1 28 14 34 34
0562_0016_0047_0046_0046.jpg 1 16 47 46 46
0563_0035_0032_0046_0046.jpg 1 35 32 46 46
0564_0025_0029_0060_0060.jpg 1 25 29 60 60
0565_0020_0010_0027_0027.jpg 1 20 10 27 27
0566_0041_0030_0031_0031.jpg 1 41 30 31 31
0567_0049_0029_0033_0033.jpg 1 49 29 33 33
0568_0032_0015_0056_0056.jpg 1 32 15 56 56
0569_0028_0037_0031_0031.jpg 1 28 37 31 31
0570_0042_0044_0037_0037.jpg 1 42 44 37 37
0571_0047_0034_0029_0029.jpg 1 47 34 29 29
0572_0016_0029_0067_0067.jpg 1 16 29 67 67
0573_0019_0019_0065_0065.jpg 1 19 19 65 65
0574_0023_0019_0063_0063.jpg 1 23 19 63 63
0575_0014_0017_0027_0027.jpg 1 14 17 27 27
0576_0037_0012_0042_0042.jpg 1 37 12 42 42
0577_0022_0021_0032_0032.jpg 1 22 21 32 32
0578_0016_0035_0031_0031.jpg 1 16 35 31 31
0579_0004_0028_0064_0064.jpg 1 4 28 64 64
0580_0022_0031_0049_0049.jpg 1 22 31 49 49
0581_0008_0005_0066_0066.jpg 1 8 5 66 66
0582_0014_0017_0058_0058.jpg 1 14 17 58 58
0583_0026_0014_0067_0067.jpg 1 26 14 67 67
0584_0019_0018_0067_0067.jpg 1 19 18 67 67
0585_0010_0036_0040_0040.jpg 1 10 36 40 40
0586_0049_0027_0042_0042.jpg 1 49 27 42 42
0587_0007_0005_0061_0061.jpg 1 7 5 61 61
0588_0027_0013_0027_0027.jpg 1 27 13 27 27
0589_0015_0024_0048_0048.jpg 1 15 24 48 48
0590_0045_0028_0031_0031.jpg 1 45 28 31 31
0591_0013_0010_0057_0057.jpg 1 13 10 57 57
0592_0026_0037_0047_0047.jpg 1 26 37 47 47
0593_0024_0004_0062_0062.jpg 1 24 4 62 62
0594_0023_0023_0059_0059.jpg 1 23 23 59 59
0595_0036_0016_0032_0032.jpg 1 36 16 32 32
0596_0008_0037_0050_0050.jpg 1 8 37 50 50
0597_0015_0039_0049_0049.jpg 1 15 39 49 49
0598_0037_0027_0043_0043.jpg 1 37 27 43 43
0599_0032_0015_0038_0038.jpg 1 32 15 38 38
0600_0020_0016_0060_0060.jpg 1 20 16 60 60
0601_0012_0051_0039_0039.jpg 1 12 51 39 39
0602_0014_0050_0041_0041.jpg 1 14 50 41 41
0603_0003_0025_0066_0066.jpg 1 3 25 66 66
0604_0019_0057_0035_0035.jpg 1 19 57 35 35
0605_0004_0027_0057_0057.jpg 1 4 27 57 57
0606_0024_0027_0038_0038.jpg 1 24 27 38 38
0607_0028_0024_0036_0036.jpg 1 28 24 36 36
0608_0017_0025_0066_0066.jpg 1 17 25 66 66
0609_0034_0023_0040_0040.jpg 1 34 23 40 40
0610_0039_0008_0041_0041.jpg 1 39 8 41 41
0611_0031_0022_0046_0046.jpg 1 31 22 46 46
0612_0016_0004_0061_0061.jpg 1 16 4 61 61
0613_0021_0052_0030_0030.jpg 1 21 52 30 30
0614_0008_0024_0037_0037.jpg 1 8 24 37 37
0615_0029_0021_0064_0064.jpg 1 29 21 64 64
0616_0027_0023_0060_0060.jpg 1 27 23 60 60
0617_0017_0029_0053_0053.jpg 1 17 29 53 53
0618_0043_0021_0036_0036.jpg 1 43 21 36 36
0619_0056_0020_0031_0031.jpg 1 56 20 31 31
0620_0050_0014_0041_0041.jpg 1 50 14 41 41
0621_0006_0019_0046_0046.jpg 1 6 19 46 46
0622_0026_0033_0040_0040.jpg 1 26 33 40 40
0623_0014_0005_0058_0058.jpg 1 14 5 58 58
0624_0062_0065_0026_0026.jpg 1 62 65 26 26
0625_0040_0023_0053_0053.jpg 1 40 23 53 53
0626_0009_0010_0049_0049.jpg 1 9 10 49 49
0627_0026_0044_0037_0037.jpg 1 26 44 37 37
0628_0026_0035_0047_0047.jpg 1 26 35 47 47
0629_0008_0013_0045_0045.jpg 1 8 13 45 45
0630_0020_0021_0050_0050.jpg 1 20 21 50 50
0631_0023_0022_0065_0065.jpg 1 23 22 65 65
0632_0014_0008_0065_0065.jpg 1 14 8 65 65
0633_0026_0010_0059_0059.jpg 1 26 10 59 59
0634_0020_0025_0047_0047.jpg 1 20 25 47 47
0635_0040_0008_0046_0046.jpg 1 40 8 46 46
0636_0033_0018_0060_0060.jpg 1 33 18 60 60
0637_0015_0014_0052_0052.jpg 1 15 14 52 52
0638_0016_0009_0033_0033.jpg 1 16 9 33 33
0639_0022_0017_0067_0067.jpg 1 22 17 67 67
0640_0059_0042_0032_0032.jpg 1 59 42 32 32
0641_0029_0026_0067_0067.jpg 1 29 26 67 67
0642_0022_0007_0063_0063.jpg 1 22 7 63 63
0643_0019_0005_0069_0069.jpg 1 19 5 69 69
0644_0036_0036_0033_0033.jpg 1 36 36 33 33
0645_0022_0014_0067_0067.jpg 1 22 14 67 67
0646_0026_0011_0064_0064.jpg 1 26 11 64 64
0647_0045_0009_0042_0042.jpg 1 45 9 42 42
0648_0024_0008_0054_0054.jpg 1 24 8 54 54
0649_0041_0037_0041_0041.jpg 1 41 37 41 41
0650_0006_0019_0066_0066.jpg 1 6 19 66 66
0651_0010_0024_0068_0068.jpg 1 10 24 68 68
0652_0004_0013_0063_0063.jpg 1 4 13 63 63
0653_0019_0008_0032_0032.jpg 1 19 8 32 32
0654_0020_0050_0033_0033.jpg 1 20 50 33 33
0655_0014_0017_0038_0038.jpg 1 14 17 38 38
0656_0028_0011_0034_0034.jpg 1 28 11 34 34
0657_0029_0021_0062_0062.jpg 1 29 21 62 62
0658_0035_0008_0060_0060.jpg 1 35 8 60 60
0659_0030_0041_0049_0049.jpg 1 30 41 49 49
0660_0029_0012_0045_0045.jpg 1 29 12 45 45
0661_0016_0037_0038_0038.jpg 1 16 37 38 38
0662_0007_0006_0053_0053.jpg 1 7 6 53 53
0663_0035_0014_0054_0054.jpg 1 35 14 54 54
0664_0034_0020_0054_0054.jpg 1 34 20 54 54
0665_0044_0026_0041_0041.jpg 1 44 26 41 41
0666_0064_0029_0028_0028.jpg 1 64 29 28 28
0667_0015_0010_0030_0030.jpg 1 15 10 30 30
0668_0006_0004_0062_0062.jpg 1 6 4 62 62
0669_0029_0007_0048_0048.jpg 1 29 7 48 48
0670_0030_0024_0051_0051.jpg 1 30 24 51 51
0671_0004_0021_0054_0054.jpg 1 4 21 54 54
0672_0050_0034_0036_0036.jpg 1 50 34 36 36
0673_0021_0065_0025_0025.jpg 1 21 65 25 25
0674_0006_0040_0043_0043.jpg 1 6 40 43 43
0675_0012_0048_0029_0029.jpg 1 12 48 29 29
0676_0025_0015_0041_0041.jpg 1 25 15 41 41
0677_0006_0009_0037_0037.jpg 1 6 9 37 37
0678_0004_0025_0069_0069.jpg 1 4 25 69 69
0679_0025_0013_0042_0042.jpg 1 25 13 42 42
0680_0034_0026_0059_0059.jpg 1 34 26 59 59
0681_0051_0055_0027_0027.jpg 1 51 55 27 27
0682_0036_0018_0040_0040.jpg 1 36 18 40 40
0683_0045_0043_0046_0046.jpg 1 45 43 46 46
0684_0019_0024_0056_0056.jpg 1 19 24 56 56
0685_0009_0051_0027_0027.jpg 1 9 51 27 27
0686_0036_0026_0049_0049.jpg 1 36 26 49 49
0687_0033_0024_0025_0025.jpg 1 33 24 25 25
0688_0025_0021_0065_0065.jpg 1 25 21 65 65
0689_0022_0036_0043_0043.jpg 1 22 36 43 43
0690_0039_0033_0042_0042.jpg 1 39 33 42 42
0691_0028_0006_0031_0031.jpg 1 28 6 31 31
0692_0032_0018_0039_0039.jpg 1 32 18 39 39
0693_0028_0025_0059_0059.jpg 1 28 25 59 59
0694_0007_0037_0055_0055.jpg 1 7 37 55 55
0695_0051_0025_0033_0033.jpg 1 51 25 33 33
0696_0026_0008_0046_0046.jpg 1 26 8 46 46
0697_0053_0033_0030_0030.jpg 1 53 33 30 30
0698_0027_0009_0050_0050.jpg 1 27 9 50 50
0699_0017_0017_0061_0061.jpg 1 17 17 61 61
0700_0011_0009_0062_0062.jpg 1 11 9 62 62
0701_0028_0020_0050_0050.jpg 1 28 20 50 50
0702_0009_0009_0062_0062.jpg 1 9 9 62 62
0703_0010_0032_0054_0054.jpg 1 10 32 54 54
0704_0031_0010_0040_0040.jpg 1 31 10 40 40
0705_0040_0034_0038_0038.jpg 1 40 34 38 38
0706_0028_0021_0059_0059.jpg 1 28 21 59 59
0707_0017_0021_0060_0060.jpg 1 17 21 60 60
0708_0010_0015_0046_0046.jpg 1 10 15 46 46
0709_0009_0030_0046_0046.jpg 1 9 30 46 46
0710_0044_0023_0033_0033.jpg 1 44 23 33 33
0711_0019_0053_0034_0034.jpg 1 19 53 34 34
0712_0061_0051_0026_0026.jpg 1 61 51 26 26
0713_0043_0029_0043_0043.jpg 1 43 29 43 43
0714_0046_0017_0042_0042.jpg 1 46 17 42 42
0715_0007_0025_0059_0059.jpg 1 7 25 59 59
0716_0060_0009_0028_0028.jpg 1 60 9 28 28
0717_0011_0026_0034_0034.jpg 1 11 26 34 34
0718_0029_0038_0039_0039.jpg 1 29 38 39 39
0719_0056_0041_0034_0034.jpg 1 56 41 34 34
0720_0031_0009_0065_0065.jpg 1 31 9 65 65
0721_0044_0044_0048_0048.jpg 1 44 44 48 48
0722_0011_0011_0055_0055.jpg 1 11 11 55 55
0723_0020_0035_0037_0037.jpg 1 20 35 37 37
0724_0042_0035_0050_0050.jpg 1 42 35 50 50
0725_0021_0025_0062_0062.jpg 1 21 25 62 62
0726_0032_0037_0029_0029.jpg 1 32 37 29 29
0727_0007_0015_0049_0049.jpg 1 7 15 49 49
0728_0041_0018_0040_0040.jpg 1 41 18 40 40
0729_0064_0011_0025_0025.jpg 1 64 11 25 25
0730_0019_0032_0050_0050.jpg 1 19 32 50 50
0731_0051_0060_0031_0031.jpg 1 51 60 31 31
0732_0008_0011_0048_0048.jpg 1 8 11 48 48
0733_0034_0046_0031_0031.jpg 1 34 46 31 31
0734_0025_0008_0068_0068.jpg 1 25 8 68 68
0735_0007_0016_0062_0062.jpg 1 7 16 62 62
0736_0032_0011_0049_0049.jpg 1 32 11 49 49
0737_0034_0031_0027_0027.jpg 1 34 31 27 27
0738_0058_0057_0028_0028.jpg 1 58 57 28 28
0739_0004_0017_0059_0059.jpg 1 4 17 59 59
0740_0003_0025_0068_0068.jpg 1 3 25 68 68
0741_0026_0013_0042_0042.jpg 1 26 13 42 42
0742_0048_0050_0025_0025.jpg 1 48 50 25 25
0743_0030_0045_0040_0040.jpg 1 30 45 40 40
0744_0037_0005_0058_0058.jpg 1 37 5 58 58
0745_0010_0027_0036_0036.jpg 1 10 27 36 36
0746_0033_0047_0042_0042.jpg 1 33 47 42 42
0747_0043_0032_0050_0050.jpg 1 43 32 50 50
0748_0027_0017_0030_0030.jpg 1 27 17 30 30
0749_0022_0046_0040_0040.jpg 1 22 46 40 40
0750_0024_0029_0039_0039.jpg 1 24 29 39 39
0751_0026_0041_0040_0040.jpg 1 26 41 40 40
0752_0028_0009_0067_0067.jpg 1 28 9 67 67
0753_0011_0012_0066_0066.jpg 1 11 12 66 66
0754_0026_0020_0051_0051.jpg 1 26 20 51 51
0755_0047_0020_0034_0034.jpg 1 47 20 34 34
0756_0067_0048_0025_0025.jpg 1 67 48 25 25
0757_0046_0029_0030_0030.jpg 1 46 29 30 30
0758_0015_0022_0049_0049.jpg 1 15 22 49 49
0759_0024_0007_0055_0055.jpg 1 24 7 55 55
0760_0024_0022_0068_0068.jpg 1 24 22 68 68
0761_0041_0039_0047_0047.jpg 1 41 39 47 47
0762_0020_0013_0034_0034.jpg 1 20 13 34 34
0763_0019_0024_0044_0044.jpg 1 19 24 44 44
0764_0054_0041_0027_0027.jpg 1 54 41 27 27
0765_0033_0008_0056_0056.jpg 1 33 8 56 56
0766_0027_0031_0025_0025.jpg 1 27 31 25 25
0767_0024_0008_0038_0038.jpg 1 24 8 38 38
0768_0006_0025_0065_0065.jpg 1 6 25 65 65
0769_0034_0005_0057_0057.jpg 1 34 5 57 57
0770_0033_0030_0024_0024.jpg 1 33 30 24 24
0771_0029_0008_0066_0066.jpg 1 29 8 66 66
0772_0022_0042_0031_0031.jpg 1 22 42 31 31
0773_0017_0020_0065_0065.jpg 1 17 20 65 65
0774_0046_0020_0047_0047.jpg 1 46 20 47 47
0775_0044_0006_0047_0047.jpg 1 44 6 47 47
0776_0021_0034_0037_0037.jpg 1 21 34 37 37
0777_0021_0007_0039_0039.jpg 1 21 7 39 39
0778_0013_0030_0050_0050.jpg 1 13 30 50 50
0779_0025_0025_0051_0051.jpg 1 25 25 51 51
0780_0055_0049_0025_0025.jpg 1 55 49 25 25
0781_0011_0014_0042_0042.jpg 1 11 14 42 42
0782_0017_0020_0069_0069.jpg 1 17 20 69 69
0783_0028_0020_0054_0054.jpg 1 28 20 54 54
0784_0032_0013_0040_0040.jpg 1 32 13 40 40
0785_0020_0028_0064_0064.jpg 1 20 28 64 64
0786_0041_0050_0028_0028.jpg 1 41 50 28 28
0787_0026_0036_0044_0044.jpg 1 26 36 44 44
0788_0038_0027_0026_0026.jpg 1 38 27 26 26
0789_0017_0049_0024_0024.jpg 1 17 49 24 24
0790_0043_0043_0031_0031.jpg 1 43 43 31 31
0791_0029_0027_0038_0038.jpg 1 29 27 38 38
0792_0025_0018_0069_0069.jpg 1 25 18 69 69
0793_0018_0027_0037_0037.jpg 1 18 27 37 37
0794_0042_0014_0038_0038.jpg 1 42 14 38 38
0795_0018_0026_0059_0059.jpg 1 18 26 59 59
0796_0024_0039_0030_0030.jpg 1 24 39 30 30
0797_0027_0030_0066_0066.jpg 1 27 30 66 66
0798_0032_0017_0063_0063.jpg 1 32 17 63 63
0799_0020_0029_0048_0048.jpg 1 20 29 48 48
0800_0023_0055_0029_0029.jpg 1 23 55 29 29
0801_0008_0005_0049_0049.jpg 1 8 5 49 49
0802_0004_0017_0060_0060.jpg 1 4 17 60 60
0803_0006_0035_0060_0060.jpg 1 6 35 60 60
0804_0014_0020_0054_0054.jpg 1 14 20 54 54
0805_0024_0016_0036_0036.jpg 1 24 16 36 36
0806_0022_0049_0044_0044.jpg 1 22 49 44 44
0807_0028_0008_0045_0045.jpg 1 28 8 45 45
0808_0023_0031_0041_0041.jpg 1 23 31 41 41
0809_0037_0015_0056_0056.jpg 1 37 15 56 56
0810_0012_0019_0057_0057.jpg 1 12 19 57 57
0811_0011_0047_0036_0036.jpg 1 11 47 36 36
0812_0039_0037_0048_0048.jpg 1 39 37 48 48
0813_0008_0017_0029_0029.jpg 1 8 17 29 29
0814_0018_0027_0049_0049.jpg 1 18 27 49 49
0815_0018_0022_0053_0053.jpg 1 18 22 53 53
0816_0005_0016_0049_0049.jpg 1 5 16 49 49
0817_0019_0030_0043_0043.jpg 1 19 30 43 43
0818_0014_0007_0064_0064.jpg 1 14 7 64 64
0819_0041_0025_0048_0048.jpg 1 41 25 48 48
0820_0029_0016_0058_0058.jpg 1 29 16 58 58
0821_0012_0026_0057_0057.jpg 1 12 26 57 57
0822_0008_0029_0054_0054.jpg 1 8 29 54 54
0823_0009_0015_0048_0048.jpg 1 9 15 48 48
0824_0054_0037_0024_0024.jpg 1 54 37 24 24
0825_0049_0015_0039_0039.jpg 1 49 15 39 39
0826_0044_0038_0033_0033.jpg 1 44 38 33 33
0827_0021_0012_0069_0069.jpg 1 21 12 69 69
0828_0033_0031_0054_0054.jpg 1 33 31 54 54
0829_0047_0061_0030_0030.jpg 1 47 61 30 30
0830_0016_0013_0067_0067.jpg 1 16 13 67 67
0831_0048_0018_0037_0037.jpg 1 48 18 37 37
0832_0033_0034_0059_0059.jpg 1 33 34 59 59
0833_0008_0056_0033_0033.jpg 1 8 56 33 33
0834_0064_0031_0026_0026.jpg 1 64 31 26 26
0835_0019_0063_0025_0025.jpg 1 19 63 25 25
0836_0011_0019_0067_0067.jpg 1 11 19 67 67
0837_0040_0017_0037_0037.jpg 1 40 17 37 37
0838_0033_0017_0051_0051.jpg 1 33 17 51 51
0839_0011_0010_0057_0057.jpg 1 11 10 57 57
0840_0067_0036_0025_0025.jpg 1 67 36 25 25
0841_0035_0018_0057_0057.jpg 1 35 18 57 57
0842_0020_0015_0056_0056.jpg 1 20 15 56 56
0843_0009_0024_0047_0047.jpg 1 9 24 47 47
0844_0013_0025_0032_0032.jpg 1 13 25 32 32
0845_0041_0006_0043_0043.jpg 1 41 6 43 43
0846_0023_0053_0034_0034.jpg 1 23 53 34 34
0847_0034_0030_0045_0045.jpg 1 34 30 45 45
0848_0023_0005_0061_0061.jpg 1 23 5 61 61
0849_0028_0042_0033_0033.jpg 1 28 42 33 33
0850_0018_0032_0059_0059.jpg 1 18 32 59 59
0851_0015_0014_0067_0067.jpg 1 15 14 67 67
0852_0042_0027_0041_0041.jpg 1 42 27 41 41
0853_0010_0017_0055_0055.jpg 1 10 17 55 55
0854_0013_0007_0069_0069.jpg 1 13 7 69 69
0855_0023_0014_0050_0050.jpg 1 23 14 50 50
0856_0029_0033_0058_0058.jpg 1 29 33 58 58
0857_0055_0051_0034_0034.jpg 1 55 51 34 34
0858_0019_0043_0039_0039.jpg 1 19 43 39 39
0859_0022_0010_0053_0053.jpg 1 22 10 53 53
0860_0046_0027_0034_0034.jpg 1 46 27 34 34
0861_0014_0031_0054_0054.jpg 1 14 31 54 54
0862_0038_0014_0057_0057.jpg 1 38 14 57 57
0863_0012_0023_0055_0055.jpg 1 12 23 55 55
0864_0048_0013_0024_0024.jpg 1 48 13 24 24
0865_0025_0009_0048_0048.jpg 1 25 9 48 48
0866_0007_0018_0064_0064.jpg 1 7 18 64 64
0867_0020_0013_0031_0031.jpg 1 20 13 31 31
0868_0039_0016_0037_0037.jpg 1 39 16 37 37
0869_0014_0026_0032_0032.jpg 1 14 26 32 32
0870_0012_0004_0065_0065.jpg 1 12 4 65 65
0871_0018_0037_0038_0038.jpg 1 18 37 38 38
0872_0030_0010_0025_0025.jpg 1 30 10 25 25
0873_0015_0015_0069_0069.jpg 1 15 15 69 69
0874_0022_0012_0052_0052.jpg 1 22 12 52 52
0875_0035_0036_0057_0057.jpg 1 35 36 57 57
0876_0049_0031_0038_0038.jpg 1 49 31 38 38
0877_0019_0009_0068_0068.jpg 1 19 9 68 68
0878_0017_0028_0042_0042.jpg 1 17 28 42 42
0879_0033_0029_0047_0047.jpg 1 33 29 47 47
0880_0043_0023_0045_0045.jpg 1 43 23 45 45
0881_0016_0009_0049_0049.jpg 1 16 9 49 49
0882_0026_0034_0029_0029.jpg 1 26 34 29 29
0883_0043_0010_0043_0043.jpg 1 43 10 43 43
0884_0045_0026_0030_0030.jpg 1 45 26 30 30
0885_0023_0033_0058_0058.jpg 1 23 33 58 58
0886_0015_0014_0060_0060.jpg 1 15 14 60 60
0887_0015_0029_0026_0026.jpg 1 15 29 26 26
0888_0035_0049_0025_0025.jpg 1 35 49 25 25
0889_0041_0034_0042_0042.jpg 1 41 34 42 42
0890_0026_0045_0028_0028.jpg 1 26 45 28 28
0891_0037_0025_0035_0035.jpg 1 37 25 35 35
0892_0007_0038_0050_0050.jpg 1 7 38 50 50
0893_0042_0050_0030_0030.jpg 1 42 50 30 30
0894_0027_0003_0068_0068.jpg 1 27 3 68 68
0895_0034_0041_0040_0040.jpg 1 34 41 40 40
0896_0027_0010_0069_0069.jpg 1 27 10 69 69
0897_0051_0033_0038_0038.jpg 1 51 33 38 38
0898_0045_0046_0032_0032.jpg 1 45 46 32 32
0899_0038_0052_0027_0027.jpg 1 38 52 27 27
0900_0055_0048_0027_0027.jpg 1 55 48 27 27
0901_0023_0024_0051_0051.jpg 1 23 24 51 51
0902_0035_0014_0049_0049.jpg 1 35 14 49 49
0903_0017_0047_0039_0039.jpg 1 17 47 39 39
0904_0041_0021_0036_0036.jpg 1 41 21 36 36
0905_0011_0034_0033_0033.jpg 1 11 34 33 33
0906_0049_0032_0036_0036.jpg 1 49 32 36 36
0907_0040_0022_0035_0035.jpg 1 40 22 35 35
0908_0034_0035_0060_0060.jpg 1 34 35 60 60
0909_0035_0011_0054_0054.jpg 1 35 11 54 54
0910_0009_0019_0031_0031.jpg 1 9 19 31 31
0911_0015_0049_0031_0031.jpg 1 15 49 31 31
0912_0053_0059_0029_0029.jpg 1 53 59 29 29
0913_0004_0033_0059_0059.jpg 1 4 33 59 59
0914_0044_0032_0036_0036.jpg 1 44 32 36 36
0915_0037_0014_0034_0034.jpg 1 37 14 34 34
0916_0026_0048_0030_0030.jpg 1 26 48 30 30
0917_0014_0051_0037_0037.jpg 1 14 51 37 37
0918_0030_0007_0055_0055.jpg 1 30 7 55 55
0919_0038_0020_0051_0051.jpg 1 38 20 51 51
0920_0049_0034_0033_0033.jpg 1 49 34 33 33
0921_0043_0012_0042_0042.jpg 1 43 12 42 42
0922_0036_0026_0040_0040.jpg 1 36 26 40 40
0923_0027_0041_0047_0047.jpg 1 27 41 47 47
0924_0023_0026_0052_0052.jpg 1 23 26 52 52
0925_0036_0008_0036_0036.jpg 1 36 8 36 36
0926_0047_0015_0032_0032.jpg 1 47 15 32 32
0927_0004_0016_0056_0056.jpg 1 4 16 56 56
0928_0029_0024_0062_0062.jpg 1 29 24 62 62
0929_0022_0022_0039_0039.jpg 1 22 22 39 39
0930_0013_0026_0024_0024.jpg 1 13 26 24 24
0931_0034_0016_0062_0062.jpg 1 34 16 62 62
0932_0025_0045_0048_0048.jpg 1 25 45 48 48
0933_0025_0032_0048_0048.jpg 1 25 32 48 48
0934_0042_0031_0042_0042.jpg 1 42 31 42 42
0935_0039_0039_0029_0029.jpg 1 39 39 29 29
0936_0022_0026_0037_0037.jpg 1 22 26 37 37
0937_0011_0013_0059_0059.jpg 1 11 13 59 59
0938_0064_0028_0027_0027.jpg 1 64 28 27 27
0939_0035_0028_0052_0052.jpg 1 35 28 52 52
0940_0055_0028_0037_0037.jpg 1 55 28 37 37
0941_0031_0029_0049_0049.jpg 1 31 29 49 49
0942_0007_0036_0050_0050.jpg 1 7 36 50 50
0943_0022_0009_0036_0036.jpg 1 22 9 36 36
0944_0011_0034_0040_0040.jpg 1 11 34 40 40
0945_0046_0033_0035_0035.jpg 1 46 33 35 35
0946_0026_0014_0069_0069.jpg 1 26 14 69 69
0947_0023_0015_0047_0047.jpg 1 23 15 47 47
0948_0013_0035_0036_0036.jpg 1 13 35 36 36
0949_0018_0022_0047_0047.jpg 1 18 22 47 47
0950_0032_0030_0025_0025.jpg 1 32 30 25 25
0951_0028_0060_0027_0027.jpg 1 28 60 27 27
0952_0005_0022_0068_0068.jpg 1 5 22 68 68
0953_0009_0028_0068_0068.jpg 1 9 28 68 68
0954_0012_0022_0063_0063.jpg 1 12 22 63 63
0955_0039_0047_0033_0033.jpg 1 39 47 33 33
0956_0021_0060_0026_0026.jpg 1 21 60 26 26
0957_0040_0015_0035_0035.jpg 1 40 15 35 35
0958_0024_0029_0057_0057.jpg 1 24 29 57 57
0959_0018_0025_0047_0047.jpg 1 18 25 47 47
0960_0047_0021_0026_0026.jpg 1 47 21 26 26
0961_0031_0013_0045_0045.jpg 1 31 13 45 45
0962_0037_0005_0053_0053.jpg 1 37 5 53 53
0963_0030_0059_0026_0026.jpg 1 30 59 26 26
0964_0021_0030_0060_0060.jpg 1 21 30 60 60
0965_0034_0036_0053_0053.jpg 1 34 36 53 53
0966_0015_0020_0049_0049.jpg 1 15 20 49 49
0967_0014_0019_0046_0046.jpg 1 14 19 46 46
0968_0042_0019_0025_0025.jpg 1 42 19 25 25
0969_0032_0013_0053_0053.jpg 1 32 13 53 53
0970_0040_0018_0036_0036.jpg 1 40 18 36 36
0971_0047_0007_0046_0046.jpg 1 47 7 46 46
0972_0007_0039_0049_0049.jpg 1 7 39 49 49
0973_0031_0010_0048_0048.jpg 1 31 10 48 48
0974_0049_0013_0041_0041.jpg 1 49 13 41 41
0975_0021_0037_0024_0024.jpg 1 21 37 24 24
0976_0053_0048_0028_0028.jpg 1 53 48 28 28
0977_0010_0014_0054_0054.jpg 1 10 14 54 54
0978_0037_0013_0046_0046.jpg 1 37 13 46 46
0979_0041_0041_0048_0048.jpg 1 41 41 48 48
0980_0020_0024_0062_0062.jpg 1 20 24 62 62
0981_0023_0022_0063_0063.jpg 1 23 22 63 63
0982_0052_0018_0024_0024.jpg 1 52 18 24 24
0983_0034_0024_0025_0025.jpg 1 34 24 25 25
0984_0043_0028_0040_0040.jpg 1 43 28 40 40
0985_0005_0018_0047_0047.jpg 1 5 18 47 47
0986_0020_0048_0042_0042.jpg 1 20 48 42 42
0987_0046_0044_0046_0046.jpg 1 46 44 46 46
0988_0035_0021_0053_0053.jpg 1 35 21 53 53
0989_0052_0008_0042_0042.jpg 1 52 8 42 42
0990_0020_0041_0036_0036.jpg 1 20 41 36 36
0991_0026_0036_0037_0037.jpg 1 26 36 37 37
0992_0024_0004_0068_0068.jpg 1 24 4 68 68
0993_0031_0005_0049_0049.jpg 1 31 5 49 49
0994_0023_0017_0028_0028.jpg 1 23 17 28 28
0995_0033_0023_0033_0033.jpg 1 33 23 33 33
0996_0047_0014_0025_0025.jpg 1 47 14 25 25
0997_0028_0031_0049_0049.jpg 1 28 31 49 49
0998_0021_0013_0047_0047.jpg 1 21 13 47 47
0999_0054_0055_0029_0029.jpg 1 54 55 29 29
1000_0018_0012_0040_0040.jpg 1 18 12 40 40
1001_0019_0029_0031_0031.jpg 1 19 29 31 31
1002_0063_0047_0026_0026.jpg 1 63 47 26 26
1003_0041_0043_0044_0044.jpg 1 41 43 44 44
1004_0017_0027_0048_0048.jpg 1 17 27 48 48
1005_0024_0020_0062_0062.jpg 1 24 20 62 62
1006_0020_0022_0069_0069.jpg 1 20 22 69 69
1007_0031_0034_0042_0042.jpg 1 31 34 42 42
1008_0006_0015_0054_0054.jpg 1 6 15 54 54
1009_0030_0010_0056_0056.jpg 1 30 10 56 56
1010_0031_0041_0027_0027.jpg 1 31 41 27 27
1011_0036_0043_0050_0050.jpg 1 36 43 50 50
1012_0005_0011_0045_0045.jpg 1 5 11 45 45
1013_0017_0022_0045_0045.jpg 1 17 22 45 45
1014_0046_0016_0024_0024.jpg 1 46 16 24 24
1015_0017_0018_0045_0045.jpg 1 17 18 45 45
1016_0042_0007_0044_0044.jpg 1 42 7 44 44
1017_0021_0031_0039_0039.jpg 1 21 31 39 39
1018_0010_0009_0056_0056.jpg 1 10 9 56 56
1019_0020_0042_0035_0035.jpg 1 20 42 35 35
1020_0036_0025_0044_0044.jpg 1 36 25 44 44
1021_0010_0018_0069_0069.jpg 1 10 18 69 69
1022_0033_0022_0026_0026.jpg 1 33 22 26 26
1023_0007_0045_0043_0043.jpg 1 7 45 43 43
1024_0006_0010_0047_0047.jpg 1 6 10 47 47
1025_0030_0031_0062_0062.jpg 1 30 31 62 62
1026_0026_0020_0056_0056.jpg 1 26 20 56 56
1027_0035_0030_0060_0060.jpg 1 35 30 60 60
1028_0022_0049_0039_0039.jpg 1 22 49 39 39
1029_0059_0045_0033_0033.jpg 1 59 45 33 33
1030_0044_0019_0042_0042.jpg 1 44 19 42 42
1031_0020_0027_0066_0066.jpg 1 20 27 66 66
1032_0017_0031_0058_0058.jpg 1 17 31 58 58
1033_0033_0031_0059_0059.jpg 1 33 31 59 59
1034_0024_0024_0046_0046.jpg 1 24 24 46 46
1035_0042_0023_0053_0053.jpg 1 42 23 53 53
1036_0021_0012_0068_0068.jpg 1 21 12 68 68
1037_0019_0014_0036_0036.jpg 1 19 14 36 36
1038_0021_0016_0038_0038.jpg 1 21 16 38 38
1039_0016_0024_0061_0061.jpg 1 16 24 61 61
1040_0005_0028_0061_0061.jpg 1 5 28 61 61
1041_0027_0008_0052_0052.jpg 1 27 8 52 52
1042_0021_0016_0059_0059.jpg 1 21 16 59 59
1043_0050_0029_0028_0028.jpg 1 50 29 28 28
1044_0029_0029_0034_0034.jpg 1 29 29 34 34
1045_0017_0029_0059_0059.jpg 1 17 29 59 59
1046_0020_0035_0027_0027.jpg 1 20 35 27 27
1047_0029_0049_0041_0041.jpg 1 29 49 41 41
1048_0012_0009_0043_0043.jpg 1 12 9 43 43
1049_0016_0019_0051_0051.jpg 1 16 19 51 51
1050_0032_0027_0034_0034.jpg 1 32 27 34 34
1051_0025_0028_0042_0042.jpg 1 25 28 42 42
1052_0022_0027_0069_0069.jpg 1 22 27 69 69
1053_0044_0047_0041_0041.jpg 1 44 47 41 41
1054_0043_0047_0028_0028.jpg 1 43 47 28 28
1055_0018_0009_0063_0063.jpg 1 18 9 63 63
1056_0023_0025_0066_0066.jpg 1 23 25 66 66
1057_0005_0007_0064_0064.jpg 1 5 7 64 64
1058_0029_0021_0061_0061.jpg 1 29 21 61 61
1059_0016_0008_0037_0037.jpg 1 16 8 37 37
1060_0031_0023_0062_0062.jpg 1 31 23 62 62
1061_0010_0009_0067_0067.jpg 1 10 9 67 67
1062_0041_0016_0039_0039.jpg 1 41 16 39 39
1063_0027_0028_0060_0060.jpg 1 27 28 60 60
1064_0018_0017_0026_0026.jpg 1 18 17 26 26
1065_0007_0036_0059_0059.jpg 1 7 36 59 59
1066_0014_0010_0051_0051.jpg 1 14 10 51 51
1067_0028_0030_0044_0044.jpg 1 28 30 44 44
1068_0032_0009_0046_0046.jpg 1 32 9 46 46
1069_0051_0046_0032_0032.jpg 1 51 46 32 32
1070_0016_0006_0069_0069.jpg 1 16 6 69 69
1071_0027_0010_0067_0067.jpg 1 27 10 67 67
1072_0018_0014_0067_0067.jpg 1 18 14 67 67
1073_0029_0019_0039_0039.jpg 1 29 19 39 39
1074_0047_0015_0026_0026.jpg 1 47 15 26 26
1075_0044_0038_0029_0029.jpg 1 44 38 29 29
1076_0024_0020_0059_0059.jpg 1 24 20 59 59
1077_0031_0032_0061_0061.jpg 1 31 32 61 61
1078_0015_0028_0054_0054.jpg 1 15 28 54 54
1079_0019_0022_0065_0065.jpg 1 19 22 65 65
1080_0033_0010_0050_0050.jpg 1 33 10 50 50
1081_0034_0024_0027_0027.jpg 1 34 24 27 27
1082_0014_0034_0027_0027.jpg 1 14 34 27 27
1083_0052_0018_0037_0037.jpg 1 52 18 37 37
1084_0019_0016_0060_0060.jpg 1 19 16 60 60
1085_0022_0006_0046_0046.jpg 1 22 6 46 46
1086_0020_0018_0067_0067.jpg 1 20 18 67 67
1087_0046_0044_0030_0030.jpg 1 46 44 30 30
1088_0062_0058_0031_0031.jpg 1 62 58 31 31
1089_0052_0051_0039_0039.jpg 1 52 51 39 39
1090_0022_0012_0064_0064.jpg 1 22 12 64 64
1091_0028_0015_0025_0025.jpg 1 28 15 25 25
1092_0037_0040_0052_0052.jpg 1 37 40 52 52
1093_0030_0024_0045_0045.jpg 1 30 24 45 45
1094_0014_0041_0053_0053.jpg 1 14 41 53 53
1095_0050_0049_0043_0043.jpg 1 50 49 43 43
1096_0028_0056_0031_0031.jpg 1 28 56 31 31
1097_0035_0006_0042_0042.jpg 1 35 6 42 42
1098_0020_0033_0060_0060.jpg 1 20 33 60 60
1099_0012_0005_0062_0062.jpg 1 12 5 62 62
1100_0030_0016_0049_0049.jpg 1 30 16 49 49
1101_0021_0026_0064_0064.jpg 1 21 26 64 64
1102_0031_0053_0031_0031.jpg 1 31 53 31 31
1103_0047_0032_0038_0038.jpg 1 47 32 38 38
1104_0025_0025_0058_0058.jpg 1 25 25 58 58
1105_0010_0029_0060_0060.jpg 1 10 29 60 60
1106_0023_0033_0044_0044.jpg 1 23 33 44 44
1107_0032_0024_0043_0043.jpg 1 32 24 43 43
1108_0025_0007_0043_0043.jpg 1 25 7 43 43
1109_0007_0026_0050_0050.jpg 1 7 26 50 50
1110_0045_0053_0029_0029.jpg 1 45 53 29 29
1111_0033_0036_0055_0055.jpg 1 33 36 55 55
1112_0035_0010_0029_0029.jpg 1 35 10 29 29
1113_0057_0013_0030_0030.jpg 1 57 13 30 30
1114_0008_0026_0057_0057.jpg 1 8 26 57 57
1115_0034_0035_0046_0046.jpg 1 34 35 46 46
1116_0046_0016_0034_0034.jpg 1 46 16 34 34
1117_0054_0056_0027_0027.jpg 1 54 56 27 27
1118_0022_0022_0052_0052.jpg 1 22 22 52 52
1119_0039_0019_0027_0027.jpg 1 39 19 27 27
1120_0007_0029_0067_0067.jpg 1 7 29 67 67
1121_0010_0022_0066_0066.jpg 1 10 22 66 66
1122_0025_0012_0045_0045.jpg 1 25 12 45 45
1123_0031_0045_0042_0042.jpg 1 31 45 42 42
1124_0006_0031_0047_0047.jpg 1 6 31 47 47
1125_0042_0029_0043_0043.jpg 1 42 29 43 43
1126_0046_0016_0044_0044.jpg 1 46 16 44 44
1127_0052_0048_0031_0031.jpg 1 52 48 31 31
1128_0041_0044_0032_0032.jpg 1 41 44 32 32
1129_0022_0039_0054_0054.jpg 1 22 39 54 54
1130_0021_0026_0065_0065.jpg 1 21 26 65 65
1131_0045_0012_0032_0032.jpg 1 45 12 32 32
1132_0012_0042_0048_0048.jpg 1 12 42 48 48
1133_0034_0031_0056_0056.jpg 1 34 31 56 56
1134_0039_0048_0040_0040.jpg 1 39 48 40 40
1135_0021_0021_0041_0041.jpg 1 21 21 41 41
1136_0020_0019_0064_0064.jpg 1 20 19 64 64
1137_0013_0026_0045_0045.jpg 1 13 26 45 45
1138_0028_0014_0062_0062.jpg 1 28 14 62 62
1139_0047_0038_0035_0035.jpg 1 47 38 35 35
1140_0037_0015_0052_0052.jpg 1 37 15 52 52
1141_0011_0049_0039_0039.jpg 1 11 49 39 39
1142_0006_0031_0061_0061.jpg 1 6 31 61 61
1143_0004_0021_0069_0069.jpg 1 4 21 69 69
1144_0046_0028_0028_0028.jpg 1 46 28 28 28
1145_0043_0018_0034_0034.jpg 1 43 18 34 34
1146_0004_0008_0057_0057.jpg 1 4 8 57 57
1147_0060_0039_0029_0029.jpg 1 60 39 29 29
1148_0038_0007_0035_0035.jpg 1 38 7 35 35
1149_0052_0017_0033_0033.jpg 1 52 17 33 33
1150_0027_0020_0052_0052.jpg 1 27 20 52 52
1151_0029_0037_0050_0050.jpg 1 29 37 50 50
1152_0044_0039_0027_0027.jpg 1 44 39 27 27
1153_0038_0010_0053_0053.jpg 1 38 10 53 53
1154_0010_0042_0037_0037.jpg 1 10 42 37 37
1155_0024_0037_0046_0046.jpg 1 24 37 46 46
1156_0030_0022_0041_0041.jpg 1 30 22 41 41
1157_0045_0015_0027_0027.jpg 1 45 15 27 27
1158_0042_0021_0033_0033.jpg 1 42 21 33 33
1159_0023_0030_0036_0036.jpg 1 23 30 36 36
1160_0020_0020_0049_0049.jpg 1 20 20 49 49
1161_0005_0039_0051_0051.jpg 1 5 39 51 51
1162_0018_0039_0043_0043.jpg 1 18 39 43 43
1163_0019_0016_0058_0058.jpg 1 19 16 58 58
1164_0024_0011_0026_0026.jpg 1 24 11 26 26
1165_0011_0006_0067_0067.jpg 1 11 6 67 67
1166_0028_0051_0042_0042.jpg 1 28 51 42 42
1167_0005_0036_0057_0057.jpg 1 5 36 57 57
1168_0006_0006_0045_0045.jpg 1 6 6 45 45
1169_0007_0017_0059_0059.jpg 1 7 17 59 59
1170_0018_0029_0047_0047.jpg 1 18 29 47 47
1171_0038_0035_0046_0046.jpg 1 38 35 46 46
1172_0038_0020_0053_0053.jpg 1 38 20 53 53
1173_0041_0021_0034_0034.jpg 1 41 21 34 34
1174_0024_0024_0067_0067.jpg 1 24 24 67 67
1175_0039_0038_0048_0048.jpg 1 39 38 48 48
1176_0042_0040_0046_0046.jpg 1 42 40 46 46
1177_0013_0009_0067_0067.jpg 1 13 9 67 67
1178_0053_0021_0040_0040.jpg 1 53 21 40 40
1179_0011_0026_0056_0056.jpg 1 11 26 56 56
1180_0051_0027_0039_0039.jpg 1 51 27 39 39
1181_0033_0025_0041_0041.jpg 1 33 25 41 41
1182_0055_0051_0028_0028.jpg 1 55 51 28 28
1183_0048_0041_0033_0033.jpg 1 48 41 33 33
1184_0039_0024_0046_0046.jpg 1 39 24 46 46
1185_0019_0012_0067_0067.jpg 1 19 12 67 67
1186_0010_0007_0066_0066.jpg 1 10 7 66 66
1187_0010_0008_0051_0051.jpg 1 10 8 51 51
1188_0031_0042_0041_0041.jpg 1 31 42 41 41
1189_0013_0034_0048_0048.jpg 1 13 34 48 48
1190_0023_0016_0062_0062.jpg 1 23 16 62 62
1191_0019_0005_0055_0055.jpg 1 19 5 55 55
1192_0039_0042_0052_0052.jpg 1 39 42 52 52
1193_0035_0013_0054_0054.jpg 1 35 13 54 54
1194_0024_0013_0064_0064.jpg 1 24 13 64 64
1195_0046_0054_0026_0026.jpg 1 46 54 26 26
1196_0043_0030_0045_0045.jpg 1 43 30 45 45
1197_0039_0016_0039_0039.jpg 1 39 16 39 39
1198_0032_0066_0024_0024.jpg 1 32 66 24 24
1199_0009_0046_0027_0027.jpg 1 9 46 27 27
1200_0009_0013_0036_0036.jpg 1 9 13 36 36
1201_0020_0048_0044_0044.jpg 1 20 48 44 44
1202_0006_0029_0067_0067.jpg 1 6 29 67 67
1203_0029_0005_0064_0064.jpg 1 29 5 64 64
1204_0039_0026_0054_0054.jpg 1 39 26 54 54
1205_0017_0028_0064_0064.jpg 1 17 28 64 64
1206_0033_0027_0044_0044.jpg 1 33 27 44 44
1207_0061_0024_0030_0030.jpg 1 61 24 30 30
1208_0030_0008_0063_0063.jpg 1 30 8 63 63
1209_0013_0016_0048_0048.jpg 1 13 16 48 48
1210_0022_0050_0039_0039.jpg 1 22 50 39 39
1211_0033_0019_0049_0049.jpg 1 33 19 49 49
1212_0030_0033_0043_0043.jpg 1 30 33 43 43
1213_0009_0061_0030_0030.jpg 1 9 61 30 30
1214_0009_0007_0044_0044.jpg 1 9 7 44 44
1215_0046_0014_0043_0043.jpg 1 46 14 43 43
1216_0025_0008_0064_0064.jpg 1 25 8 64 64
1217_0060_0056_0026_0026.jpg 1 60 56 26 26
1218_0024_0030_0056_0056.jpg 1 24 30 56 56
1219_0049_0027_0041_0041.jpg 1 49 27 41 41
1220_0027_0011_0058_0058.jpg 1 27 11 58 58
1221_0020_0016_0059_0059.jpg 1 20 16 59 59
1222_0012_0005_0054_0054.jpg 1 12 5 54 54
1223_0042_0029_0030_0030.jpg 1 42 29 30 30
1224_0010_0028_0057_0057.jpg 1 10 28 57 57
1225_0033_0034_0045_0045.jpg 1 33 34 45 45
1226_0043_0017_0047_0047.jpg 1 43 17 47 47
1227_0006_0023_0050_0050.jpg 1 6 23 50 50
1228_0048_0045_0041_0041.jpg 1 48 45 41 41
1229_0045_0047_0043_0043.jpg 1 45 47 43 43
1230_0033_0025_0053_0053.jpg 1 33 25 53 53
1231_0018_0031_0025_0025.jpg 1 18 31 25 25
1232_0057_0038_0036_0036.jpg 1 57 38 36 36
1233_0018_0044_0044_0044.jpg 1 18 44 44 44
1234_0006_0031_0057_0057.jpg 1 6 31 57 57
1235_0028_0020_0041_0041.jpg 1 28 20 41 41
1236_0012_0011_0046_0046.jpg 1 12 11 46 46
1237_0010_0027_0038_0038.jpg 1 10 27 38 38
1238_0013_0064_0027_0027.jpg 1 13 64 27 27
1239_0021_0015_0055_0055.jpg 1 21 15 55 55
1240_0010_0022_0032_0032.jpg 1 10 22 32 32
1241_0007_0045_0036_0036.jpg 1 7 45 36 36
1242_0022_0009_0068_0068.jpg 1 22 9 68 68
1243_0019_0028_0063_0063.jpg 1 19 28 63 63
1244_0014_0038_0034_0034.jpg 1 14 38 34 34
1245_0065_0062_0027_0027.jpg 1 65 62 27 27
1246_0029_0037_0041_0041.jpg 1 29 37 41 41
1247_0032_0035_0030_0030.jpg 1 32 35 30 30
1248_0015_0039_0049_0049.jpg 1 15 39 49 49
1249_0026_0022_0065_0065.jpg 1 26 22 65 65
1250_0036_0030_0048_0048.jpg 1 36 30 48 48
1251_0012_0020_0067_0067.jpg 1 12 20 67 67
1252_0048_0044_0024_0024.jpg 1 48 44 24 24
1253_0032_0028_0061_0061.jpg 1 32 28 61 61
1254_0026_0017_0054_0054.jpg 1 26 17 54 54
1255_0015_0016_0065_0065.jpg 1 15 16 65 65
1256_0057_0052_0028_0028.jpg 1 57 52 28 28
1257_0012_0026_0026_0026.jpg 1 12 26 26 26
1258_0058_0059_0030_0030.jpg 1 58 59 30 30
1259_0005_0022_0060_0060.jpg 1 5 22 60 60
1260_0054_0045_0025_0025.jpg 1 54 45 25 25
1261_0022_0052_0040_0040.jpg 1 22 52 40 40
1262_0022_0023_0052_0052.jpg 1 22 23 52 52
1263_0023_0046_0042_0042.jpg 1 23 46 42 42
1264_0049_0025_0040_0040.jpg 1 49 25 40 40
1265_0041_0023_0050_0050.jpg 1 41 23 50 50
1266_0025_0015_0069_0069.jpg 1 25 15 69 69
1267_0031_0005_0065_0065.jpg 1 31 5 65 65
1268_0034_0019_0033_0033.jpg 1 34 19 33 33
1269_0026_0013_0042_0042.jpg 1 26 13 42 42
1270_0030_0046_0045_0045.jpg 1 30 46 45 45
1271_0031_0037_0055_0055.jpg 1 31 37 55 55
1272_0039_0016_0029_0029.jpg 1 39 16 29 29
1273_0035_0011_0044_0044.jpg 1 35 11 44 44
1274_0018_0011_0025_0025.jpg 1 18 11 25 25
1275_0036_0039_0037_0037.jpg 1 36 39 37 37
1276_0027_0031_0061_0061.jpg 1 27 31 61 61
1277_0014_0029_0065_0065.jpg 1 14 29 65 65
1278_0007_0023_0046_0046.jpg 1 7 23 46 46
1279_0027_0016_0049_0049.jpg 1 27 16 49 49
1280_0053_0023_0024_0024.jpg 1 53 23 24 24
1281_0030_0034_0039_0039.jpg 1 30 34 39 39
1282_0005_0026_0067_0067.jpg 1 5 26 67 67
1283_0036_0046_0045_0045.jpg 1 36 46 45 45
1284_0020_0007_0059_0059.jpg 1 20 7 59 59
1285_0021_0043_0048_0048.jpg 1 21 43 48 48
1286_0016_0047_0044_0044.jpg 1 16 47 44 44
1287_0017_0039_0048_0048.jpg 1 17 39 48 48
1288_0016_0005_0069_0069.jpg 1 16 5 69 69
1289_0014_0019_0048_0048.jpg 1 14 19 48 48
1290_0065_0063_0024_0024.jpg 1 65 63 24 24
1291_0015_0010_0060_0060.jpg 1 15 10 60 60
1292_0010_0007_0064_0064.jpg 1 10 7 64 64
1293_0025_0019_0065_0065.jpg 1 25 19 65 65
1294_0027_0004_0061_0061.jpg 1 27 4 61 61
1295_0012_0015_0051_0051.jpg 1 12 15 51 51
1296_0007_0033_0033_0033.jpg 1 7 33 33 33
1297_0013_0031_0025_0025.jpg 1 13 31 25 25
1298_0015_0016_0047_0047.jpg 1 15 16 47 47
1299_0035_0030_0044_0044.jpg 1 35 30 44 44
1300_0030_0044_0041_0041.jpg 1 30 44 41 41
1301_0008_0040_0041_0041.jpg 1 8 40 41 41
1302_0030_0015_0052_0052.jpg 1 30 15 52 52
1303_0020_0024_0060_0060.jpg 1 20 24 60 60
1304_0008_0028_0067_0067.jpg 1 8 28 67 67
1305_0007_0010_0058_0058.jpg 1 7 10 58 58
1306_0021_0025_0052_0052.jpg 1 21 25 52 52
1307_0003_0019_0066_0066.jpg 1 3 19 66 66
1308_0020_0027_0069_0069.jpg 1 20 27 69 69
1309_0021_0009_0064_0064.jpg 1 21 9 64 64
1310_0004_0012_0056_0056.jpg 1 4 12 56 56
1311_0024_0046_0045_0045.jpg 1 24 46 45 45
1312_0029_0017_0061_0061.jpg 1 29 17 61 61
1313_0050_0011_0038_0038.jpg 1 50 11 38 38
1314_0037_0027_0042_0042.jpg 1 37 27 42 42
1315_0040_0038_0027_0027.jpg 1 40 38 27 27
1316_0005_0009_0062_0062.jpg 1 5 9 62 62
1317_0043_0012_0049_0049.jpg 1 43 12 49 49
1318_0028_0025_0061_0061.jpg 1 28 25 61 61
1319_0040_0009_0029_0029.jpg 1 40 9 29 29
1320_0045_0042_0036_0036.jpg 1 45 42 36 36
1321_0026_0028_0053_0053.jpg 1 26 28 53 53
1322_0047_0039_0036_0036.jpg 1 47 39 36 36
1323_0056_0038_0032_0032.jpg 1 56 38 32 32
1324_0003_0013_0066_0066.jpg 1 3 13 66 66
1325_0010_0037_0034_0034.jpg 1 10 37 34 34
1326_0040_0006_0037_0037.jpg 1 40 6 37 37
1327_0057_0011_0030_0030.jpg 1 57 11 30 30
1328_0008_0022_0059_0059.jpg 1 8 22 59 59
1329_0035_0010_0050_0050.jpg 1 35 10 50 50
1330_0025_0019_0067_0067.jpg 1 25 19 67 67
1331_0016_0035_0050_0050.jpg 1 16 35 50 50
1332_0031_0026_0044_0044.jpg 1 31 26 44 44
1333_0026_0023_0069_0069.jpg 1 26 23 69 69
1334_0044_0028_0039_0039.jpg 1 44 28 39 39
1335_0023_0055_0030_0030.jpg 1 23 55 30 30
1336_0034_0009_0060_0060.jpg 1 34 9 60 60
1337_0023_0020_0064_0064.jpg 1 23 20 64 64
1338_0015_0015_0033_0033.jpg 1 15 15 33 33
1339_0033_0027_0059_0059.jpg 1 33 27 59 59
1340_0012_0019_0069_0069.jpg 1 12 19 69 69
1341_0013_0007_0032_0032.jpg 1 13 7 32 32
1342_0013_0006_0068_0068.jpg 1 13 6 68 68
1343_0025_0024_0063_0063.jpg 1 25 24 63 63
1344_0010_0050_0030_0030.jpg 1 10 50 30 30
1345_0046_0024_0035_0035.jpg 1 46 24 35 35
1346_0029_0059_0031_0031.jpg 1 29 59 31 31
1347_0029_0031_0064_0064.jpg 1 29 31 64 64
1348_0036_0010_0044_0044.jpg 1 36 10 44 44
1349_0017_0037_0055_0055.jpg 1 17 37 55 55
1350_0019_0041_0025_0025.jpg 1 19 41 25 25
1351_0038_0056_0036_0036.jpg 1 38 56 36 36
1352_0019_0014_0057_0057.jpg 1 19 14 57 57
1353_0029_0015_0051_0051.jpg 1 29 15 51 51
1354_0033_0036_0035_0035.jpg 1 33 36 35 35
1355_0037_0026_0034_0034.jpg 1 37 26 34 34
1356_0013_0009_0059_0059.jpg 1 13 9 59 59
1357_0051_0029_0036_0036.jpg 1 51 29 36 36
1358_0045_0051_0037_0037.jpg 1 45 51 37 37
1359_0048_0008_0039_0039.jpg 1 48 8 39 39
1360_0038_0028_0035_0035.jpg 1 38 28 35 35
1361_0005_0038_0054_0054.jpg 1 5 38 54 54
1362_0045_0024_0048_0048.jpg 1 45 24 48 48
1363_0023_0037_0055_0055.jpg 1 23 37 55 55
1364_0008_0006_0038_0038.jpg 1 8 6 38 38
1365_0051_0056_0030_0030.jpg 1 51 56 30 30
1366_0042_0020_0036_0036.jpg 1 42 20 36 36
1367_0024_0024_0069_0069.jpg 1 24 24 69 69
1368_0029_0011_0026_0026.jpg 1 29 11 26 26
1369_0033_0012_0028_0028.jpg 1 33 12 28 28
1370_0014_0022_0037_0037.jpg 1 14 22 37 37
1371_0042_0007_0053_0053.jpg 1 42 7 53 53
1372_0025_0021_0066_0066.jpg 1 25 21 66 66
1373_0039_0012_0050_0050.jpg 1 39 12 50 50
1374_0019_0015_0060_0060.jpg 1 19 15 60 60
1375_0018_0008_0036_0036.jpg 1 18 8 36 36
1376_0022_0031_0063_0063.jpg 1 22 31 63 63
1377_0013_0022_0029_0029.jpg 1 13 22 29 29
1378_0022_0015_0067_0067.jpg 1 22 15 67 67
1379_0043_0044_0048_0048.jpg 1 43 44 48 48
1380_0031_0020_0062_0062.jpg 1 31 20 62 62
1381_0034_0052_0025_0025.jpg 1 34 52 25 25
1382_0042_0055_0037_0037.jpg 1 42 55 37 37
1383_0047_0044_0029_0029.jpg 1 47 44 29 29
1384_0028_0010_0057_0057.jpg 1 28 10 57 57
1385_0009_0006_0050_0050.jpg 1 9 6 50 50
1386_0040_0019_0049_0049.jpg 1 40 19 49 49
1387_0058_0052_0033_0033.jpg 1 58 52 33 33
1388_0064_0049_0025_0025.jpg 1 64 49 25 25
1389_0025_0008_0032_0032.jpg 1 25 8 32 32
1390_0056_0015_0037_0037.jpg 1 56 15 37 37
1391_0042_0047_0041_0041.jpg 1 42 47 41 41
1392_0032_0033_0029_0029.jpg 1 32 33 29 29
1393_0020_0037_0024_0024.jpg 1 20 37 24 24
1394_0021_0013_0045_0045.jpg 1 21 13 45 45
1395_0034_0022_0060_0060.jpg 1 34 22 60 60
1396_0048_0031_0037_0037.jpg 1 48 31 37 37
1397_0016_0026_0056_0056.jpg 1 16 26 56 56
1398_0015_0027_0064_0064.jpg 1 15 27 64 64
1399_0032_0028_0031_0031.jpg 1 32 28 31 31
1400_0037_0023_0025_0025.jpg 1 37 23 25 25
1401_0036_0021_0041_0041.jpg 1 36 21 41 41
1402_0038_0008_0033_0033.jpg 1 38 8 33 33
1403_0030_0018_0055_0055.jpg 1 30 18 55 55
1404_0039_0020_0053_0053.jpg 1 39 20 53 53
1405_0023_0023_0040_0040.jpg 1 23 23 40 40
1406_0018_0047_0043_0043.jpg 1 18 47 43 43
1407_0027_0017_0063_0063.jpg 1 27 17 63 63
1408_0012_0029_0037_0037.jpg 1 12 29 37 37
1409_0027_0030_0066_0066.jpg 1 27 30 66 66
1410_0021_0017_0041_0041.jpg 1 21 17 41 41
1411_0017_0009_0045_0045.jpg 1 17 9 45 45
1412_0052_0045_0025_0025.jpg 1 52 45 25 25
1413_0003_0007_0068_0068.jpg 1 3 7 68 68
1414_0032_0030_0059_0059.jpg 1 32 30 59 59
1415_0013_0045_0036_0036.jpg 1 13 45 36 36
1416_0023_0014_0037_0037.jpg 1 23 14 37 37
1417_0036_0041_0029_0029.jpg 1 36 41 29 29
1418_0005_0013_0057_0057.jpg 1 5 13 57 57
1419_0021_0021_0068_0068.jpg 1 21 21 68 68
1420_0010_0029_0062_0062.jpg 1 10 29 62 62
1421_0033_0041_0029_0029.jpg 1 33 41 29 29
1422_0016_0016_0054_0054.jpg 1 16 16 54 54
1423_0017_0049_0037_0037.jpg 1 17 49 37 37
1424_0020_0008_0067_0067.jpg 1 20 8 67 67
1425_0020_0014_0064_0064.jpg 1 20 14 64 64
1426_0019_0025_0046_0046.jpg 1 19 25 46 46
1427_0014_0030_0058_0058.jpg 1 14 30 58 58
1428_0025_0019_0067_0067.jpg 1 25 19 67 67
1429_0006_0020_0062_0062.jpg 1 6 20 62 62
1430_0020_0025_0057_0057.jpg 1 20 25 57 57
1431_0028_0025_0064_0064.jpg 1 28 25 64 64
1432_0018_0032_0052_0052.jpg 1 18 32 52 52
1433_0019_0012_0063_0063.jpg 1 19 12 63 63
1434_0054_0026_0028_0028.jpg 1 54 26 28 28
1435_0017_0033_0053_0053.jpg 1 17 33 53 53
1436_0010_0052_0036_0036.jpg 1 10 52 36 36
1437_0022_0011_0067_0067.jpg 1 22 11 67 67
1438_0053_0047_0038_0038.jpg 1 53 47 38 38
1439_0008_0052_0024_0024.jpg 1 8 52 24 24
1440_0016_0018_0048_0048.jpg 1 16 18 48 48
1441_0046_0060_0030_0030.jpg 1 46 60 30 30
1442_0035_0021_0052_0052.jpg 1 35 21 52 52
1443_0035_0005_0059_0059.jpg 1 35 5 59 59
1444_0006_0014_0065_0065.jpg 1 6 14 65 65
1445_0031_0031_0065_0065.jpg 1 31 31 65 65
1446_0056_0023_0031_0031.jpg 1 56 23 31 31
1447_0027_0026_0041_0041.jpg 1 27 26 41 41
1448_0037_0017_0035_0035.jpg 1 37 17 35 35
1449_0035_0036_0053_0053.jpg 1 35 36 53 53
1450_0034_0009_0045_0045.jpg 1 34 9 45 45
1451_0005_0015_0055_0055.jpg 1 5 15 55 55
1452_0015_0014_0067_0067.jpg 1 15 14 67 67
1453_0007_0026_0065_0065.jpg 1 7 26 65 65
1454_0027_0051_0029_0029.jpg 1 27 51 29 29
1455_0017_0025_0056_0056.jpg 1 17 25 56 56
1456_0009_0038_0047_0047.jpg 1 9 38 47 47
1457_0006_0014_0067_0067.jpg 1 6 14 67 67
1458_0024_0023_0062_0062.jpg 1 24 23 62 62
1459_0022_0025_0048_0048.jpg 1 22 25 48 48
1460_0053_0053_0025_0025.jpg 1 53 53 25 25
1461_0009_0024_0055_0055.jpg 1 9 24 55 55
1462_0028_0038_0054_0054.jpg 1 28 38 54 54
1463_0022_0034_0061_0061.jpg 1 22 34 61 61
1464_0019_0025_0069_0069.jpg 1 19 25 69 69
1465_0005_0019_0069_0069.jpg 1 5 19 69 69
1466_0048_0014_0025_0025.jpg 1 48 14 25 25
1467_0022_0005_0069_0069.jpg 1 22 5 69 69
1468_0021_0027_0050_0050.jpg 1 21 27 50 50
1469_0023_0010_0055_0055.jpg 1 23 10 55 55
1470_0055_0034_0032_0032.jpg 1 55 34 32 32
1471_0028_0022_0065_0065.jpg 1 28 22 65 65
1472_0028_0061_0026_0026.jpg 1 28 61 26 26
1473_0019_0023_0069_0069.jpg 1 19 23 69 69
1474_0006_0005_0056_0056.jpg 1 6 5 56 56
1475_0010_0034_0049_0049.jpg 1 10 34 49 49
1476_0024_0047_0035_0035.jpg 1 24 47 35 35
1477_0018_0028_0057_0057.jpg 1 18 28 57 57
1478_0012_0006_0033_0033.jpg 1 12 6 33 33
1479_0042_0005_0048_0048.jpg 1 42 5 48 48
1480_0061_0037_0027_0027.jpg 1 61 37 27 27
1481_0034_0046_0039_0039.jpg 1 34 46 39 39
1482_0012_0021_0064_0064.jpg 1 12 21 64 64
1483_0038_0051_0041_0041.jpg 1 38 51 41 41
1484_0008_0034_0060_0060.jpg 1 8 34 60 60
1485_0051_0006_0042_0042.jpg 1 51 6 42 42
1486_0015_0039_0050_0050.jpg 1 15 39 50 50
1487_0026_0027_0069_0069.jpg 1 26 27 69 69
1488_0056_0046_0035_0035.jpg 1 56 46 35 35
1489_0035_0036_0034_0034.jpg 1 35 36 34 34
1490_0026_0033_0046_0046.jpg 1 26 33 46 46
1491_0012_0020_0037_0037.jpg 1 12 20 37 37
1492_0051_0054_0030_0030.jpg 1 51 54 30 30
1493_0034_0011_0036_0036.jpg 1 34 11 36 36
1494_0006_0016_0062_0062.jpg 1 6 16 62 62
1495_0014_0019_0037_0037.jpg 1 14 19 37 37
1496_0048_0016_0039_0039.jpg 1 48 16 39 39
1497_0038_0048_0041_0041.jpg 1 38 48 41 41
1498_0039_0038_0053_0053.jpg 1 39 38 53 53
1499_0031_0014_0031_0031.jpg 1 31 14 31 31
1500_0026_0026_0065_0065.jpg 1 26 26 65 65
1501_0003_0005_0069_0069.jpg 1 3 5 69 69
1502_0044_0055_0038_0038.jpg 1 44 55 38 38
1503_0050_0035_0036_0036.jpg 1 50 35 36 36
1504_0010_0012_0059_0059.jpg 1 10 12 59 59
1505_0029_0043_0051_0051.jpg 1 29 43 51 51
1506_0029_0012_0052_0052.jpg 1 29 12 52 52
1507_0004_0009_0068_0068.jpg 1 4 9 68 68
1508_0042_0037_0036_0036.jpg 1 42 37 36 36
1509_0013_0013_0062_0062.jpg 1 13 13 62 62
1510_0014_0055_0037_0037.jpg 1 14 55 37 37
1511_0008_0019_0067_0067.jpg 1 8 19 67 67
1512_0020_0007_0031_0031.jpg 1 20 7 31 31
1513_0011_0031_0031_0031.jpg 1 11 31 31 31
1514_0015_0034_0057_0057.jpg 1 15 34 57 57
1515_0056_0045_0031_0031.jpg 1 56 45 31 31
1516_0010_0026_0050_0050.jpg 1 10 26 50 50
1517_0012_0024_0038_0038.jpg 1 12 24 38 38
1518_0012_0019_0060_0060.jpg 1 12 19 60 60
1519_0027_0042_0045_0045.jpg 1 27 42 45 45
1520_0037_0021_0045_0045.jpg 1 37 21 45 45
1521_0021_0025_0065_0065.jpg 1 21 25 65 65
1522_0013_0043_0048_0048.jpg 1 13 43 48 48
1523_0039_0046_0039_0039.jpg 1 39 46 39 39
1524_0005_0016_0057_0057.jpg 1 5 16 57 57
1525_0045_0010_0044_0044.jpg 1 45 10 44 44
1526_0033_0040_0051_0051.jpg 1 33 40 51 51
1527_0018_0014_0056_0056.jpg 1 18 14 56 56
1528_0041_0034_0051_0051.jpg 1 41 34 51 51
1529_0042_0018_0047_0047.jpg 1 42 18 47 47
1530_0023_0039_0025_0025.jpg 1 23 39 25 25
1531_0019_0012_0069_0069.jpg 1 19 12 69 69
1532_0057_0017_0031_0031.jpg 1 57 17 31 31
1533_0024_0047_0035_0035.jpg 1 24 47 35 35
1534_0027_0023_0067_0067.jpg 1 27 23 67 67
1535_0040_0053_0027_0027.jpg 1 40 53 27 27
1536_0047_0009_0045_0045.jpg 1 47 9 45 45
1537_0016_0034_0055_0055.jpg 1 16 34 55 55
1538_0057_0022_0028_0028.jpg 1 57 22 28 28
1539_0007_0054_0032_0032.jpg 1 7 54 32 32
1540_0012_0021_0033_0033.jpg 1 12 21 33 33
1541_0014_0021_0029_0029.jpg 1 14 21 29 29
1542_0047_0016_0030_0030.jpg 1 47 16 30 30
1543_0009_0046_0037_0037.jpg 1 9 46 37 37
1544_0043_0038_0047_0047.jpg 1 43 38 47 47
1545_0021_0008_0027_0027.jpg 1 21 8 27 27
1546_0038_0039_0049_0049.jpg 1 38 39 49 49
1547_0056_0048_0030_0030.jpg 1 56 48 30 30
1548_0010_0008_0046_0046.jpg 1 10 8 46 46
1549_0003_0005_0067_0067.jpg 1 3 5 67 67
1550_0018_0027_0063_0063.jpg 1 18 27 63 63
1551_0017_0004_0062_0062.jpg 1 17 4 62 62
1552_0008_0038_0055_0055.jpg 1 8 38 55 55
1553_0029_0030_0027_0027.jpg 1 29 30 27 27
1554_0022_0012_0057_0057.jpg 1 22 12 57 57
1555_0040_0022_0049_0049.jpg 1 40 22 49 49
1556_0006_0017_0060_0060.jpg 1 6 17 60 60
1557_0048_0009_0030_0030.jpg 1 48 9 30 30
1558_0039_0009_0045_0045.jpg 1 39 9 45 45
1559_0024_0025_0067_0067.jpg 1 24 25 67 67
1560_0010_0033_0055_0055.jpg 1 10 33 55 55
1561_0014_0051_0035_0035.jpg 1 14 51 35 35
1562_0040_0047_0034_0034.jpg 1 40 47 34 34
1563_0041_0062_0025_0025.jpg 1 41 62 25 25
1564_0012_0032_0062_0062.jpg 1 12 32 62 62
1565_0008_0035_0055_0055.jpg 1 8 35 55 55
1566_0032_0012_0056_0056.jpg 1 32 12 56 56
1567_0033_0031_0062_0062.jpg 1 33 31 62 62
1568_0012_0023_0066_0066.jpg 1 12 23 66 66
1569_0028_0043_0029_0029.jpg 1 28 43 29 29
1570_0026_0018_0051_0051.jpg 1 26 18 51 51
1571_0012_0035_0047_0047.jpg 1 12 35 47 47
1572_0010_0015_0068_0068.jpg 1 10 15 68 68
1573_0020_0035_0057_0057.jpg 1 20 35 57 57
1574_0009_0022_0051_0051.jpg 1 9 22 51 51
1575_0003_0010_0069_0069.jpg 1 3 10 69 69
1576_0026_0011_0055_0055.jpg 1 26 11 55 55
1577_0027_0024_0060_0060.jpg 1 27 24 60 60
1578_0022_0021_0039_0039.jpg 1 22 21 39 39
1579_0048_0024_0044_0044.jpg 1 48 24 44 44
1580_0028_0021_0052_0052.jpg 1 28 21 52 52
1581_0029_0043_0037_0037.jpg 1 29 43 37 37
1582_0058_0007_0030_0030.jpg 1 58 7 30 30
1583_0043_0025_0045_0045.jpg 1 43 25 45 45
1584_0007_0026_0067_0067.jpg 1 7 26 67 67
1585_0006_0007_0053_0053.jpg 1 6 7 53 53
1586_0005_0010_0067_0067.jpg 1 5 10 67 67
1587_0010_0026_0059_0059.jpg 1 10 26 59 59
1588_0029_0012_0061_0061.jpg 1 29 12 61 61
1589_0014_0025_0060_0060.jpg 1 14 25 60 60
1590_0031_0016_0065_0065.jpg 1 31 16 65 65
1591_0005_0024_0053_0053.jpg 1 5 24 53 53
1592_0031_0022_0063_0063.jpg 1 31 22 63 63
1593_0037_0024_0054_0054.jpg 1 37 24 54 54
1594_0019_0030_0044_0044.jpg 1 19 30 44 44
1595_0027_0027_0059_0059.jpg 1 27 27 59 59
1596_0022_0007_0041_0041.jpg 1 22 7 41 41
1597_0014_0044_0026_0026.jpg 1 14 44 26 26
1598_0009_0027_0064_0064.jpg 1 9 27 64 64
1599_0017_0009_0049_0049.jpg 1 17 9 49 49
1600_0030_0009_0044_0044.jpg 1 30 9 44 44
1601_0008_0004_0068_0068.jpg 1 8 4 68 68
1602_0034_0028_0045_0045.jpg 1 34 28 45 45
1603_0004_0005_0056_0056.jpg 1 4 5 56 56
1604_0034_0017_0061_0061.jpg 1 34 17 61 61
1605_0032_0027_0048_0048.jpg 1 32 27 48 48
1606_0010_0017_0050_0050.jpg 1 10 17 50 50
1607_0037_0008_0042_0042.jpg 1 37 8 42 42
1608_0009_0036_0044_0044.jpg 1 9 36 44 44
1609_0008_0036_0057_0057.jpg 1 8 36 57 57
1610_0005_0008_0061_0061.jpg 1 5 8 61 61
1611_0031_0030_0059_0059.jpg 1 31 30 59 59
1612_0020_0018_0037_0037.jpg 1 20 18 37 37
1613_0019_0019_0044_0044.jpg 1 19 19 44 44
1614_0035_0023_0056_0056.jpg 1 35 23 56 56
1615_0024_0017_0042_0042.jpg 1 24 17 42 42
1616_0031_0022_0037_0037.jpg 1 31 22 37 37
1617_0021_0041_0047_0047.jpg 1 21 41 47 47
1618_0011_0022_0058_0058.jpg 1 11 22 58 58
1619_0061_0034_0030_0030.jpg 1 61 34 30 30
1620_0009_0022_0024_0024.jpg 1 9 22 24 24
1621_0030_0009_0032_0032.jpg 1 30 9 32 32
1622_0052_0057_0034_0034.jpg 1 52 57 34 34
1623_0017_0021_0059_0059.jpg 1 17 21 59 59
1624_0024_0011_0060_0060.jpg 1 24 11 60 60
1625_0024_0016_0038_0038.jpg 1 24 16 38 38
1626_0014_0046_0034_0034.jpg 1 14 46 34 34
1627_0006_0016_0067_0067.jpg 1 6 16 67 67
1628_0027_0007_0049_0049.jpg 1 27 7 49 49
1629_0016_0023_0030_0030.jpg 1 16 23 30 30
1630_0062_0043_0028_0028.jpg 1 62 43 28 28
1631_0006_0031_0047_0047.jpg 1 6 31 47 47
1632_0038_0011_0024_0024.jpg 1 38 11 24 24
1633_0021_0028_0044_0044.jpg 1 21 28 44 44
1634_0016_0012_0068_0068.jpg 1 16 12 68 68
1635_0023_0008_0057_0057.jpg 1 23 8 57 57
1636_0023_0038_0033_0033.jpg 1 23 38 33 33
1637_0014_0021_0059_0059.jpg 1 14 21 59 59
1638_0034_0035_0057_0057.jpg 1 34 35 57 57
1639_0040_0024_0030_0030.jpg 1 40 24 30 30
1640_0021_0034_0052_0052.jpg 1 21 34 52 52
1641_0057_0035_0027_0027.jpg 1 57 35 27 27
1642_0032_0014_0029_0029.jpg 1 32 14 29 29
1643_0009_0054_0039_0039.jpg 1 9 54 39 39
1644_0019_0038_0045_0045.jpg 1 19 38 45 45
1645_0015_0042_0043_0043.jpg 1 15 42 43 43
1646_0025_0014_0054_0054.jpg 1 25 14 54 54
1647_0047_0051_0036_0036.jpg 1 47 51 36 36
1648_0022_0012_0050_0050.jpg 1 22 12 50 50
1649_0008_0022_0061_0061.jpg 1 8 22 61 61
1650_0023_0021_0043_0043.jpg 1 23 21 43 43
1651_0054_0008_0035_0035.jpg 1 54 8 35 35
1652_0028_0054_0032_0032.jpg 1 28 54 32 32
1653_0005_0025_0060_0060.jpg 1 5 25 60 60
1654_0016_0018_0062_0062.jpg 1 16 18 62 62
1655_0029_0015_0061_0061.jpg 1 29 15 61 61
1656_0035_0042_0035_0035.jpg 1 35 42 35 35
1657_0019_0023_0053_0053.jpg 1 19 23 53 53
1658_0021_0026_0058_0058.jpg 1 21 26 58 58
1659_0033_0036_0042_0042.jpg 1 33 36 42 42
1660_0061_0034_0027_0027.jpg 1 61 34 27 27
1661_0006_0043_0051_0051.jpg 1 6 43 51 51
1662_0025_0021_0058_0058.jpg 1 25 21 58 58
1663_0018_0038_0032_0032.jpg 1 18 38 32 32
1664_0038_0013_0045_0045.jpg 1 38 13 45 45
1665_0009_0021_0053_0053.jpg 1 9 21 53 53
1666_0044_0039_0031_0031.jpg 1 44 39 31 31
1667_0037_0024_0028_0028.jpg 1 37 24 28 28
1668_0041_0014_0036_0036.jpg 1 41 14 36 36
1669_0011_0016_0058_0058.jpg 1 11 16 58 58
1670_0035_0021_0034_0034.jpg 1 35 21 34 34
1671_0023_0017_0058_0058.jpg 1 23 17 58 58
1672_0010_0015_0062_0062.jpg 1 10 15 62 62
1673_0018_0018_0025_0025.jpg 1 18 18 25 25
1674_0029_0012_0056_0056.jpg 1 29 12 56 56
1675_0008_0010_0061_0061.jpg 1 8 10 61 61
1676_0025_0016_0065_0065.jpg 1 25 16 65 65
1677_0022_0058_0029_0029.jpg 1 22 58 29 29
1678_0006_0022_0052_0052.jpg 1 6 22 52 52
1679_0019_0017_0066_0066.jpg 1 19 17 66 66
1680_0044_0011_0031_0031.jpg 1 44 11 31 31
1681_0013_0021_0047_0047.jpg 1 13 21 47 47
1682_0056_0050_0037_0037.jpg 1 56 50 37 37
1683_0035_0018_0041_0041.jpg 1 35 18 41 41
1684_0038_0059_0032_0032.jpg 1 38 59 32 32
1685_0012_0024_0066_0066.jpg 1 12 24 66 66
1686_0008_0010_0040_0040.jpg 1 8 10 40 40
1687_0035_0048_0024_0024.jpg 1 35 48 24 24
1688_0010_0017_0035_0035.jpg 1 10 17 35 35
1689_0014_0027_0054_0054.jpg 1 14 27 54 54
1690_0035_0033_0055_0055.jpg 1 35 33 55 55
1691_0023_0015_0066_0066.jpg 1 23 15 66 66
1692_0035_0011_0026_0026.jpg 1 35 11 26 26
1693_0051_0061_0031_0031.jpg 1 51 61 31 31
1694_0010_0033_0041_0041.jpg 1 10 33 41 41
1695_0013_0066_0025_0025.jpg 1 13 66 25 25
1696_0022_0029_0033_0033.jpg 1 22 29 33 33
1697_0015_0006_0034_0034.jpg 1 15 6 34 34
1698_0016_0014_0067_0067.jpg 1 16 14 67 67
1699_0022_0029_0065_0065.jpg 1 22 29 65 65
1700_0016_0004_0068_0068.jpg 1 16 4 68 68
1701_0031_0020_0050_0050.jpg 1 31 20 50 50
1702_0007_0007_0037_0037.jpg 1 7 7 37 37
1703_0011_0008_0069_0069.jpg 1 11 8 69 69
1704_0045_0049_0039_0039.jpg 1 45 49 39 39
1705_0018_0027_0060_0060.jpg 1 18 27 60 60
1706_0058_0015_0024_0024.jpg 1 58 15 24 24
1707_0013_0010_0068_0068.jpg 1 13 10 68 68
1708_0009_0019_0059_0059.jpg 1 9 19 59 59
1709_0008_0021_0063_0063.jpg 1 8 21 63 63
1710_0014_0039_0037_0037.jpg 1 14 39 37 37
1711_0022_0016_0027_0027.jpg 1 22 16 27 27
1712_0016_0042_0052_0052.jpg 1 16 42 52 52
1713_0019_0049_0030_0030.jpg 1 19 49 30 30
1714_0033_0026_0046_0046.jpg 1 33 26 46 46
1715_0044_0020_0047_0047.jpg 1 44 20 47 47
1716_0029_0019_0053_0053.jpg 1 29 19 53 53
1717_0032_0016_0057_0057.jpg 1 32 16 57 57
1718_0044_0021_0038_0038.jpg 1 44 21 38 38
1719_0024_0006_0051_0051.jpg 1 24 6 51 51
1720_0011_0012_0025_0025.jpg 1 11 12 25 25
1721_0030_0062_0026_0026.jpg 1 30 62 26 26
1722_0032_0019_0060_0060.jpg 1 32 19 60 60
1723_0055_0028_0036_0036.jpg 1 55 28 36 36
1724_0054_0018_0029_0029.jpg 1 54 18 29 29
1725_0013_0060_0028_0028.jpg 1 13 60 28 28
1726_0009_0017_0055_0055.jpg 1 9 17 55 55
1727_0040_0037_0054_0054.jpg 1 40 37 54 54
1728_0012_0007_0064_0064.jpg 1 12 7 64 64
1729_0017_0007_0059_0059.jpg 1 17 7 59 59
1730_0050_0033_0033_0033.jpg 1 50 33 33 33
1731_0015_0036_0025_0025.jpg 1 15 36 25 25
1732_0053_0012_0039_0039.jpg 1 53 12 39 39
1733_0041_0048_0036_0036.jpg 1 41 48 36 36
1734_0026_0011_0065_0065.jpg 1 26 11 65 65
1735_0042_0011_0034_0034.jpg 1 42 11 34 34
1736_0016_0032_0059_0059.jpg 1 16 32 59 59
1737_0010_0034_0051_0051.jpg 1 10 34 51 51
1738_0017_0033_0054_0054.jpg 1 17 33 54 54
1739_0028_0027_0057_0057.jpg 1 28 27 57 57
1740_0017_0025_0044_0044.jpg 1 17 25 44 44
1741_0006_0031_0038_0038.jpg 1 6 31 38 38
1742_0012_0058_0033_0033.jpg 1 12 58 33 33
1743_0021_0031_0046_0046.jpg 1 21 31 46 46
1744_0006_0016_0068_0068.jpg 1 6 16 68 68
1745_0022_0029_0067_0067.jpg 1 22 29 67 67
1746_0025_0028_0065_0065.jpg 1 25 28 65 65
1747_0015_0018_0062_0062.jpg 1 15 18 62 62
1748_0032_0005_0062_0062.jpg 1 32 5 62 62
1749_0017_0041_0049_0049.jpg 1 17 41 49 49
1750_0026_0009_0067_0067.jpg 1 26 9 67 67
1751_0024_0016_0062_0062.jpg 1 24 16 62 62
1752_0015_0005_0064_0064.jpg 1 15 5 64 64
1753_0012_0009_0066_0066.jpg 1 12 9 66 66
1754_0062_0016_0026_0026.jpg 1 62 16 26 26
1755_0008_0021_0062_0062.jpg 1 8 21 62 62
1756_0040_0009_0042_0042.jpg 1 40 9 42 42
1757_0005_0027_0059_0059.jpg 1 5 27 59 59
1758_0023_0025_0061_0061.jpg 1 23 25 61 61
1759_0012_0019_0041_0041.jpg 1 12 19 41 41
1760_0007_0041_0044_0044.jpg 1 7 41 44 44
1761_0004_0010_0060_0060.jpg 1 4 10 60 60
1762_0010_0017_0051_0051.jpg 1 10 17 51 51
1763_0059_0031_0030_0030.jpg 1 59 31 30 30
1764_0022_0007_0064_0064.jpg 1 22 7 64 64
1765_0008_0013_0024_0024.jpg 1 8 13 24 24
1766_0010_0038_0046_0046.jpg 1 10 38 46 46
1767_0033_0037_0053_0053.jpg 1 33 37 53 53
1768_0013_0027_0067_0067.jpg 1 13 27 67 67
1769_0012_0022_0050_0050.jpg 1 12 22 50 50
1770_0019_0042_0052_0052.jpg 1 19 42 52 52
1771_0041_0009_0038_0038.jpg 1 41 9 38 38
1772_0035_0030_0052_0052.jpg 1 35 30 52 52
1773_0011_0008_0039_0039.jpg 1 11 8 39 39
1774_0019_0010_0024_0024.jpg 1 19 10 24 24
1775_0014_0017_0053_0053.jpg 1 14 17 53 53
1776_0018_0040_0050_0050.jpg 1 18 40 50 50
1777_0011_0034_0052_0052.jpg 1 11 34 52 52
1778_0040_0037_0044_0044.jpg 1 40 37 44 44
1779_0033_0008_0055_0055.jpg 1 33 8 55 55
1780_0033_0014_0049_0049.jpg 1 33 14 49 49
1781_0027_0022_0062_0062.jpg 1 27 22 62 62
1782_0051_0017_0042_0042.jpg 1 51 17 42 42
1783_0017_0012_0030_0030.jpg 1 17 12 30 30
1784_0019_0024_0062_0062.jpg 1 19 24 62 62
1785_0037_0040_0029_0029.jpg 1 37 40 29 29
1786_0027_0025_0037_0037.jpg 1 27 25 37 37
1787_0032_0008_0041_0041.jpg 1 32 8 41 41
1788_0033_0007_0047_0047.jpg 1 33 7 47 47
1789_0025_0032_0039_0039.jpg 1 25 32 39 39
1790_0016_0016_0060_0060.jpg 1 16 16 60 60
1791_0041_0048_0040_0040.jpg 1 41 48 40 40
1792_0017_0054_0039_0039.jpg 1 17 54 39 39
1793_0044_0031_0026_0026.jpg 1 44 31 26 26
1794_0022_0012_0049_0049.jpg 1 22 12 49 49
1795_0052_0011_0034_0034.jpg 1 52 11 34 34
1796_0013_0029_0055_0055.jpg 1 13 29 55 55
1797_0028_0035_0039_0039.jpg 1 28 35 39 39
1798_0007_0047_0041_0041.jpg 1 7 47 41 41
1799_0011_0004_0066_0066.jpg 1 11 4 66 66
1800_0004_0022_0066_0066.jpg 1 4 22 66 66
1801_0031_0010_0037_0037.jpg 1 31 10 37 37
1802_0058_0059_0029_0029.jpg 1 58 59 29 29
1803_0028_0005_0053_0053.jpg 1 28 5 53 53
1804_0010_0021_0047_0047.jpg 1 10 21 47 47
1805_0022_0018_0028_0028.jpg 1 22 18 28 28
1806_0005_0020_0064_0064.jpg 1 5 20 64 64
1807_0005_0033_0061_0061.jpg 1 5 33 61 61
1808_0022_0020_0069_0069.jpg 1 22 20 69 69
1809_0018_0029_0067_0067.jpg 1 18 29 67 67
1810_0033_0011_0059_0059.jpg 1 33 11 59 59
1811_0034_0018_0025_0025.jpg 1 34 18 25 25
1812_0008_0007_0054_0054.jpg 1 8 7 54 54
1813_0028_0031_0059_0059.jpg 1 28 31 59 59
1814_0035_0034_0029_0029.jpg 1 35 34 29 29
1815_0007_0024_0041_0041.jpg 1 7 24 41 41
1816_0052_0053_0041_0041.jpg 1 52 53 41 41
1817_0032_0057_0035_0035.jpg 1 32 57 35 35
1818_0009_0023_0054_0054.jpg 1 9 23 54 54
1819_0013_0013_0064_0064.jpg 1 13 13 64 64
1820_0037_0047_0044_0044.jpg 1 37 47 44 44
1821_0022_0007_0064_0064.jpg 1 22 7 64 64
1822_0017_0038_0042_0042.jpg 1 17 38 42 42
1823_0009_0012_0065_0065.jpg 1 9 12 65 65
1824_0007_0048_0039_0039.jpg 1 7 48 39 39
1825_0027_0016_0036_0036.jpg 1 27 16 36 36
1826_0035_0060_0031_0031.jpg 1 35 60 31 31
1827_0024_0016_0064_0064.jpg 1 24 16 64 64
1828_0044_0058_0033_0033.jpg 1 44 58 33 33
1829_0012_0016_0063_0063.jpg 1 12 16 63 63
1830_0013_0035_0037_0037.jpg 1 13 35 37 37
1831_0052_0034_0030_0030.jpg 1 52 34 30 30
1832_0008_0008_0041_0041.jpg 1 8 8 41 41
1833_0007_0036_0045_0045.jpg 1 7 36 45 45
1834_0010_0032_0055_0055.jpg 1 10 32 55 55
1835_0027_0039_0053_0053.jpg 1 27 39 53 53
1836_0036_0015_0054_0054.jpg 1 36 15 54 54
1837_0032_0036_0026_0026.jpg 1 32 36 26 26
1838_0030_0032_0037_0037.jpg 1 30 32 37 37
1839_0016_0034_0027_0027.jpg 1 16 34 27 27
1840_0041_0028_0048_0048.jpg 1 41 28 48 48
1841_0046_0006_0048_0048.jpg 1 46 6 48 48
1842_0056_0008_0037_0037.jpg 1 56 8 37 37
1843_0023_0029_0039_0039.jpg 1 23 29 39 39
1844_0041_0013_0050_0050.jpg 1 41 13 50 50
1845_0023_0020_0041_0041.jpg 1 23 20 41 41
1846_0024_0003_0068_0068.jpg 1 24 3 68 68
1847_0024_0026_0068_0068.jpg 1 24 26 68 68
1848_0017_0040_0029_0029.jpg 1 17 40 29 29
1849_0010_0034_0056_0056.jpg 1 10 34 56 56
1850_0039_0045_0045_0045.jpg 1 39 45 45 45
